\BOOKMARK [0][-]{chapter.1}{\376\377\000R\000e\000j\000s\000t\001\131\000\355\000k\000\040\000t\001\131\000\355\000d}{}% 1
\BOOKMARK [1][-]{section.1.1}{\376\377\000S\000e\000z\000n\000a\000m\000\040\000t\001\131\000\355\000d}{chapter.1}% 2
\BOOKMARK [0][-]{chapter.2}{\376\377\000R\000e\000j\000s\000t\001\131\000\355\000k\000\040\000s\000o\000u\000b\000o\000r\001\157}{}% 3
\BOOKMARK [1][-]{section.2.1}{\376\377\000S\000e\000z\000n\000a\000m\000\040\000s\000o\000u\000b\000o\000r\001\157}{chapter.2}% 4
\BOOKMARK [0][-]{chapter.3}{\376\377\000D\000o\000k\000u\000m\000e\000n\000t\000a\000c\000e\000\040\000t\001\131\000\355\000d}{}% 5
\BOOKMARK [1][-]{section.3.1}{\376\377\000D\000o\000k\000u\000m\000e\000n\000t\000a\000c\000e\000\040\000t\001\131\000\355\000d\000y\000\040\000c\000l\000o\000s\000e\000S\000e\000t\000u\000p\000.\000A\000p\000p}{chapter.3}% 6
\BOOKMARK [2][-]{subsection.3.1.1}{\376\377\000D\000e\000t\000a\000i\000l\000n\000\355\000\040\000p\000o\000p\000i\000s}{section.3.1}% 7
\BOOKMARK [2][-]{subsection.3.1.2}{\376\377\000D\000o\000k\000u\000m\000e\000n\000t\000a\000c\000e\000\040\000k\000o\000n\000s\000t\000r\000u\000k\000t\000o\000r\000u\000\040\000a\000\040\000d\000e\000s\000t\000r\000u\000k\000t\000o\000r\000u}{section.3.1}% 8
\BOOKMARK [3][-]{subsubsection.3.1.2.1}{\376\377\000\137\000\137\000i\000n\000i\000t\000\137\000\137}{subsection.3.1.2}% 9
\BOOKMARK [2][-]{subsection.3.1.3}{\376\377\000D\000o\000k\000u\000m\000e\000n\000t\000a\000c\000e\000\040\000k\000\040\000m\000e\000t\000o\000d\000\341\000m}{section.3.1}% 10
\BOOKMARK [3][-]{subsubsection.3.1.3.1}{\376\377\000C\000h\000e\000c\000k\000T\000x\000t\000F}{subsection.3.1.3}% 11
\BOOKMARK [3][-]{subsubsection.3.1.3.2}{\376\377\000c\000h\000g}{subsection.3.1.3}% 12
\BOOKMARK [3][-]{subsubsection.3.1.3.3}{\376\377\000c\000h\000g\000e}{subsection.3.1.3}% 13
\BOOKMARK [3][-]{subsubsection.3.1.3.4}{\376\377\000p\000a\000i\000n\000t\000L\000a\000y\000o\000u\000t}{subsection.3.1.3}% 14
\BOOKMARK [3][-]{subsubsection.3.1.3.5}{\376\377\000q\000q\000u\000i\000t}{subsection.3.1.3}% 15
\BOOKMARK [3][-]{subsubsection.3.1.3.6}{\376\377\000s\000t\000I\000n\000s\000t}{subsection.3.1.3}% 16
\BOOKMARK [3][-]{subsubsection.3.1.3.7}{\376\377\000s\000t\000S\000e\000t}{subsection.3.1.3}% 17
\BOOKMARK [3][-]{subsubsection.3.1.3.8}{\376\377\000s\000w\000i}{subsection.3.1.3}% 18
\BOOKMARK [1][-]{section.3.2}{\376\377\000D\000o\000k\000u\000m\000e\000n\000t\000a\000c\000e\000\040\000t\001\131\000\355\000d\000y\000\040\000i\000t\000W\000i\000n\000d\000o\000w\000.\000A\000p\000p}{chapter.3}% 19
\BOOKMARK [2][-]{subsection.3.2.1}{\376\377\000D\000e\000t\000a\000i\000l\000n\000\355\000\040\000p\000o\000p\000i\000s}{section.3.2}% 20
\BOOKMARK [2][-]{subsection.3.2.2}{\376\377\000D\000o\000k\000u\000m\000e\000n\000t\000a\000c\000e\000\040\000k\000o\000n\000s\000t\000r\000u\000k\000t\000o\000r\000u\000\040\000a\000\040\000d\000e\000s\000t\000r\000u\000k\000t\000o\000r\000u}{section.3.2}% 21
\BOOKMARK [3][-]{subsubsection.3.2.2.1}{\376\377\000\137\000\137\000i\000n\000i\000t\000\137\000\137}{subsection.3.2.2}% 22
\BOOKMARK [2][-]{subsection.3.2.3}{\376\377\000D\000o\000k\000u\000m\000e\000n\000t\000a\000c\000e\000\040\000k\000\040\000m\000e\000t\000o\000d\000\341\000m}{section.3.2}% 23
\BOOKMARK [3][-]{subsubsection.3.2.3.1}{\376\377\000i\000n\000s}{subsection.3.2.3}% 24
\BOOKMARK [3][-]{subsubsection.3.2.3.2}{\376\377\000i\000T\000l}{subsection.3.2.3}% 25
\BOOKMARK [3][-]{subsubsection.3.2.3.3}{\376\377\000p\000a\000i\000n\000t\000L\000a\000y\000o\000u\000t}{subsection.3.2.3}% 26
\BOOKMARK [3][-]{subsubsection.3.2.3.4}{\376\377\000q\000q\000u\000i\000t}{subsection.3.2.3}% 27
\BOOKMARK [1][-]{section.3.3}{\376\377\000D\000o\000k\000u\000m\000e\000n\000t\000a\000c\000e\000\040\000t\001\131\000\355\000d\000y\000\040\000t\000e\000s\000t\000s\000C\000o\000n\000f\000.\000A\000p\000p}{chapter.3}% 28
\BOOKMARK [2][-]{subsection.3.3.1}{\376\377\000D\000e\000t\000a\000i\000l\000n\000\355\000\040\000p\000o\000p\000i\000s}{section.3.3}% 29
\BOOKMARK [2][-]{subsection.3.3.2}{\376\377\000D\000o\000k\000u\000m\000e\000n\000t\000a\000c\000e\000\040\000k\000o\000n\000s\000t\000r\000u\000k\000t\000o\000r\000u\000\040\000a\000\040\000d\000e\000s\000t\000r\000u\000k\000t\000o\000r\000u}{section.3.3}% 30
\BOOKMARK [3][-]{subsubsection.3.3.2.1}{\376\377\000\137\000\137\000i\000n\000i\000t\000\137\000\137}{subsection.3.3.2}% 31
\BOOKMARK [2][-]{subsection.3.3.3}{\376\377\000D\000o\000k\000u\000m\000e\000n\000t\000a\000c\000e\000\040\000k\000\040\000m\000e\000t\000o\000d\000\341\000m}{section.3.3}% 32
\BOOKMARK [3][-]{subsubsection.3.3.3.1}{\376\377\000c\000h\000e\000c\000k\000D\000H\000C\000P}{subsection.3.3.3}% 33
\BOOKMARK [3][-]{subsubsection.3.3.3.2}{\376\377\000c\000h\000e\000c\000k\000N\000F\000S}{subsection.3.3.3}% 34
\BOOKMARK [3][-]{subsubsection.3.3.3.3}{\376\377\000c\000h\000e\000c\000k\000T\000F\000T\000P\000D}{subsection.3.3.3}% 35
\BOOKMARK [3][-]{subsubsection.3.3.3.4}{\376\377\000p\000r\000i\000n\000t\000F\000o\000t\000N\000o\000t\000e}{subsection.3.3.3}% 36
\BOOKMARK [1][-]{section.3.4}{\376\377\000D\000o\000k\000u\000m\000e\000n\000t\000a\000c\000e\000\040\000t\001\131\000\355\000d\000y\000\040\000t\000e\000s\000t\000s\000S\000e\000r\000v\000i\000c\000e\000s\000.\000A\000p\000p}{chapter.3}% 37
\BOOKMARK [2][-]{subsection.3.4.1}{\376\377\000D\000e\000t\000a\000i\000l\000n\000\355\000\040\000p\000o\000p\000i\000s}{section.3.4}% 38
\BOOKMARK [2][-]{subsection.3.4.2}{\376\377\000D\000o\000k\000u\000m\000e\000n\000t\000a\000c\000e\000\040\000k\000o\000n\000s\000t\000r\000u\000k\000t\000o\000r\000u\000\040\000a\000\040\000d\000e\000s\000t\000r\000u\000k\000t\000o\000r\000u}{section.3.4}% 39
\BOOKMARK [3][-]{subsubsection.3.4.2.1}{\376\377\000\137\000\137\000i\000n\000i\000t\000\137\000\137}{subsection.3.4.2}% 40
\BOOKMARK [2][-]{subsection.3.4.3}{\376\377\000D\000o\000k\000u\000m\000e\000n\000t\000a\000c\000e\000\040\000k\000\040\000m\000e\000t\000o\000d\000\341\000m}{section.3.4}% 41
\BOOKMARK [3][-]{subsubsection.3.4.3.1}{\376\377\000c\000h\000e\000c\000s\000D\000H\000C\000P}{subsection.3.4.3}% 42
\BOOKMARK [3][-]{subsubsection.3.4.3.2}{\376\377\000c\000h\000e\000c\000s\000N\000F\000S}{subsection.3.4.3}% 43
\BOOKMARK [3][-]{subsubsection.3.4.3.3}{\376\377\000c\000h\000e\000c\000s\000T\000F\000T\000P\000D}{subsection.3.4.3}% 44
\BOOKMARK [3][-]{subsubsection.3.4.3.4}{\376\377\000p\000r\000i\000n\000t\000F\000o\000t\000N\000o\000t\000e}{subsection.3.4.3}% 45
\BOOKMARK [1][-]{section.3.5}{\376\377\000D\000o\000k\000u\000m\000e\000n\000t\000a\000c\000e\000\040\000t\001\131\000\355\000d\000y\000\040\000m\000n\000C\000l\000e\000a\000n\000.\000A\000p\000p}{chapter.3}% 46
\BOOKMARK [2][-]{subsection.3.5.1}{\376\377\000D\000e\000t\000a\000i\000l\000n\000\355\000\040\000p\000o\000p\000i\000s}{section.3.5}% 47
\BOOKMARK [2][-]{subsection.3.5.2}{\376\377\000D\000o\000k\000u\000m\000e\000n\000t\000a\000c\000e\000\040\000k\000o\000n\000s\000t\000r\000u\000k\000t\000o\000r\000u\000\040\000a\000\040\000d\000e\000s\000t\000r\000u\000k\000t\000o\000r\000u}{section.3.5}% 48
\BOOKMARK [3][-]{subsubsection.3.5.2.1}{\376\377\000\137\000\137\000i\000n\000i\000t\000\137\000\137}{subsection.3.5.2}% 49
\BOOKMARK [2][-]{subsection.3.5.3}{\376\377\000D\000o\000k\000u\000m\000e\000n\000t\000a\000c\000e\000\040\000k\000\040\000m\000e\000t\000o\000d\000\341\000m}{section.3.5}% 50
\BOOKMARK [3][-]{subsubsection.3.5.3.1}{\376\377\000c\000l\000e\000a\000r}{subsection.3.5.3}% 51
\BOOKMARK [3][-]{subsubsection.3.5.3.2}{\376\377\000e\000r\000a\000s\000e}{subsection.3.5.3}% 52
\BOOKMARK [3][-]{subsubsection.3.5.3.3}{\376\377\000m\000v\000B\000a\000r}{subsection.3.5.3}% 53
\BOOKMARK [3][-]{subsubsection.3.5.3.4}{\376\377\000p\000a\000i\000n\000t\000L\000a\000y\000o\000u\000t}{subsection.3.5.3}% 54
\BOOKMARK [3][-]{subsubsection.3.5.3.5}{\376\377\000q\000q\000u\000i\000t}{subsection.3.5.3}% 55
\BOOKMARK [3][-]{subsubsection.3.5.3.6}{\376\377\000u\000p\000d\000a\000t\000e}{subsection.3.5.3}% 56
\BOOKMARK [1][-]{section.3.6}{\376\377\000D\000o\000k\000u\000m\000e\000n\000t\000a\000c\000e\000\040\000t\001\131\000\355\000d\000y\000\040\000m\000n\000E\000n\000D\000i\000s\000.\000A\000p\000p}{chapter.3}% 57
\BOOKMARK [2][-]{subsection.3.6.1}{\376\377\000D\000e\000t\000a\000i\000l\000n\000\355\000\040\000p\000o\000p\000i\000s}{section.3.6}% 58
\BOOKMARK [2][-]{subsection.3.6.2}{\376\377\000D\000o\000k\000u\000m\000e\000n\000t\000a\000c\000e\000\040\000k\000o\000n\000s\000t\000r\000u\000k\000t\000o\000r\000u\000\040\000a\000\040\000d\000e\000s\000t\000r\000u\000k\000t\000o\000r\000u}{section.3.6}% 59
\BOOKMARK [3][-]{subsubsection.3.6.2.1}{\376\377\000\137\000\137\000i\000n\000i\000t\000\137\000\137}{subsection.3.6.2}% 60
\BOOKMARK [2][-]{subsection.3.6.3}{\376\377\000D\000o\000k\000u\000m\000e\000n\000t\000a\000c\000e\000\040\000k\000\040\000m\000e\000t\000o\000d\000\341\000m}{section.3.6}% 61
\BOOKMARK [3][-]{subsubsection.3.6.3.1}{\376\377\000c\000l\000S\000e\000t}{subsection.3.6.3}% 62
\BOOKMARK [3][-]{subsubsection.3.6.3.2}{\376\377\000k\000e\000y\000E\000n}{subsection.3.6.3}% 63
\BOOKMARK [3][-]{subsubsection.3.6.3.3}{\376\377\000l\000o\000a\000d\000I\000t\000e\000m\000s}{subsection.3.6.3}% 64
\BOOKMARK [3][-]{subsubsection.3.6.3.4}{\376\377\000o\000n\000S\000e\000l\000e\000c\000t}{subsection.3.6.3}% 65
\BOOKMARK [3][-]{subsubsection.3.6.3.5}{\376\377\000p\000a\000i\000n\000t\000L\000a\000y\000o\000u\000t}{subsection.3.6.3}% 66
\BOOKMARK [3][-]{subsubsection.3.6.3.6}{\376\377\000q\000q\000u\000i\000t}{subsection.3.6.3}% 67
\BOOKMARK [3][-]{subsubsection.3.6.3.7}{\376\377\000s\000e\000t\000N}{subsection.3.6.3}% 68
\BOOKMARK [3][-]{subsubsection.3.6.3.8}{\376\377\000s\000w\000B\000N}{subsection.3.6.3}% 69
\BOOKMARK [1][-]{section.3.7}{\376\377\000D\000o\000k\000u\000m\000e\000n\000t\000a\000c\000e\000\040\000t\001\131\000\355\000d\000y\000\040\000m\000n\000W\000i\000n\000d\000o\000w\000.\000A\000p\000p}{chapter.3}% 70
\BOOKMARK [2][-]{subsection.3.7.1}{\376\377\000D\000e\000t\000a\000i\000l\000n\000\355\000\040\000p\000o\000p\000i\000s}{section.3.7}% 71
\BOOKMARK [2][-]{subsection.3.7.2}{\376\377\000D\000o\000k\000u\000m\000e\000n\000t\000a\000c\000e\000\040\000k\000o\000n\000s\000t\000r\000u\000k\000t\000o\000r\000u\000\040\000a\000\040\000d\000e\000s\000t\000r\000u\000k\000t\000o\000r\000u}{section.3.7}% 72
\BOOKMARK [3][-]{subsubsection.3.7.2.1}{\376\377\000\137\000\137\000i\000n\000i\000t\000\137\000\137}{subsection.3.7.2}% 73
\BOOKMARK [2][-]{subsection.3.7.3}{\376\377\000D\000o\000k\000u\000m\000e\000n\000t\000a\000c\000e\000\040\000k\000\040\000m\000e\000t\000o\000d\000\341\000m}{section.3.7}% 74
\BOOKMARK [3][-]{subsubsection.3.7.3.1}{\376\377\000c\000l\000S\000e\000t}{subsection.3.7.3}% 75
\BOOKMARK [3][-]{subsubsection.3.7.3.2}{\376\377\000e\000n\000D\000i\000s}{subsection.3.7.3}% 76
\BOOKMARK [3][-]{subsubsection.3.7.3.3}{\376\377\000i\000T\000a}{subsection.3.7.3}% 77
\BOOKMARK [3][-]{subsubsection.3.7.3.4}{\376\377\000l\000o\000a\000d\000P\000r\000o\000g\000s}{subsection.3.7.3}% 78
\BOOKMARK [3][-]{subsubsection.3.7.3.5}{\376\377\000p\000a\000i\000n\000t\000L\000a\000y\000o\000u\000t}{subsection.3.7.3}% 79
\BOOKMARK [3][-]{subsubsection.3.7.3.6}{\376\377\000q\000q\000u\000i\000t}{subsection.3.7.3}% 80
\BOOKMARK [3][-]{subsubsection.3.7.3.7}{\376\377\000s\000t\000C\000l\000e}{subsection.3.7.3}% 81
\BOOKMARK [3][-]{subsubsection.3.7.3.8}{\376\377\000s\000t\000F\000o\000c}{subsection.3.7.3}% 82
\BOOKMARK [3][-]{subsubsection.3.7.3.9}{\376\377\000s\000t\000R\000e\000p}{subsection.3.7.3}% 83
\BOOKMARK [1][-]{section.3.8}{\376\377\000D\000o\000k\000u\000m\000e\000n\000t\000a\000c\000e\000\040\000t\001\131\000\355\000d\000y\000\040\000m\000n\000F\000o\000c\000u\000s\000.\000A\000p\000p}{chapter.3}% 84
\BOOKMARK [2][-]{subsection.3.8.1}{\376\377\000D\000e\000t\000a\000i\000l\000n\000\355\000\040\000p\000o\000p\000i\000s}{section.3.8}% 85
\BOOKMARK [2][-]{subsection.3.8.2}{\376\377\000D\000o\000k\000u\000m\000e\000n\000t\000a\000c\000e\000\040\000k\000o\000n\000s\000t\000r\000u\000k\000t\000o\000r\000u\000\040\000a\000\040\000d\000e\000s\000t\000r\000u\000k\000t\000o\000r\000u}{section.3.8}% 86
\BOOKMARK [3][-]{subsubsection.3.8.2.1}{\376\377\000\137\000\137\000i\000n\000i\000t\000\137\000\137}{subsection.3.8.2}% 87
\BOOKMARK [2][-]{subsection.3.8.3}{\376\377\000D\000o\000k\000u\000m\000e\000n\000t\000a\000c\000e\000\040\000k\000\040\000m\000e\000t\000o\000d\000\341\000m}{section.3.8}% 88
\BOOKMARK [3][-]{subsubsection.3.8.3.1}{\376\377\000c\000a\000l\000l\000P\000a\000g\000e}{subsection.3.8.3}% 89
\BOOKMARK [3][-]{subsubsection.3.8.3.2}{\376\377\000i\000n\000s\000S\000e\000t}{subsection.3.8.3}% 90
\BOOKMARK [3][-]{subsubsection.3.8.3.3}{\376\377\000l\000o\000a\000d\000N\000X\000m\000l}{subsection.3.8.3}% 91
\BOOKMARK [3][-]{subsubsection.3.8.3.4}{\376\377\000m\000v\000B\000a\000r}{subsection.3.8.3}% 92
\BOOKMARK [3][-]{subsubsection.3.8.3.5}{\376\377\000o\000n\000S\000e\000l\000e\000c\000t}{subsection.3.8.3}% 93
\BOOKMARK [3][-]{subsubsection.3.8.3.6}{\376\377\000p\000a\000i\000n\000t\000L\000a\000y\000o\000u\000t}{subsection.3.8.3}% 94
\BOOKMARK [3][-]{subsubsection.3.8.3.7}{\376\377\000q\000q\000u\000i\000t}{subsection.3.8.3}% 95
\BOOKMARK [1][-]{section.3.9}{\376\377\000D\000o\000k\000u\000m\000e\000n\000t\000a\000c\000e\000\040\000t\001\131\000\355\000d\000y\000\040\000m\000n\000R\000e\000p\000a\000i\000r\000.\000A\000p\000p}{chapter.3}% 96
\BOOKMARK [2][-]{subsection.3.9.1}{\376\377\000D\000e\000t\000a\000i\000l\000n\000\355\000\040\000p\000o\000p\000i\000s}{section.3.9}% 97
\BOOKMARK [2][-]{subsection.3.9.2}{\376\377\000D\000o\000k\000u\000m\000e\000n\000t\000a\000c\000e\000\040\000k\000o\000n\000s\000t\000r\000u\000k\000t\000o\000r\000u\000\040\000a\000\040\000d\000e\000s\000t\000r\000u\000k\000t\000o\000r\000u}{section.3.9}% 98
\BOOKMARK [3][-]{subsubsection.3.9.2.1}{\376\377\000\137\000\137\000i\000n\000i\000t\000\137\000\137}{subsection.3.9.2}% 99
\BOOKMARK [2][-]{subsection.3.9.3}{\376\377\000D\000o\000k\000u\000m\000e\000n\000t\000a\000c\000e\000\040\000k\000\040\000m\000e\000t\000o\000d\000\341\000m}{section.3.9}% 100
\BOOKMARK [3][-]{subsubsection.3.9.3.1}{\376\377\000l\000o\000a\000d\000P\000r\000o\000g\000s}{subsection.3.9.3}% 101
\BOOKMARK [3][-]{subsubsection.3.9.3.2}{\376\377\000p\000a\000i\000n\000t\000L\000a\000y\000o\000u\000t}{subsection.3.9.3}% 102
\BOOKMARK [3][-]{subsubsection.3.9.3.3}{\376\377\000q\000q\000u\000i\000t}{subsection.3.9.3}% 103
\BOOKMARK [1][-]{section.3.10}{\376\377\000D\000o\000k\000u\000m\000e\000n\000t\000a\000c\000e\000\040\000t\001\131\000\355\000d\000y\000\040\000m\000a\000i\000n\000.\000C\000h\000d\000i\000r}{chapter.3}% 104
\BOOKMARK [2][-]{subsection.3.10.1}{\376\377\000D\000e\000t\000a\000i\000l\000n\000\355\000\040\000p\000o\000p\000i\000s}{section.3.10}% 105
\BOOKMARK [2][-]{subsection.3.10.2}{\376\377\000D\000o\000k\000u\000m\000e\000n\000t\000a\000c\000e\000\040\000k\000o\000n\000s\000t\000r\000u\000k\000t\000o\000r\000u\000\040\000a\000\040\000d\000e\000s\000t\000r\000u\000k\000t\000o\000r\000u}{section.3.10}% 106
\BOOKMARK [3][-]{subsubsection.3.10.2.1}{\376\377\000\137\000\137\000i\000n\000i\000t\000\137\000\137}{subsection.3.10.2}% 107
\BOOKMARK [3][-]{subsubsection.3.10.2.2}{\376\377\000\137\000\137\000d\000e\000l\000\137\000\137}{subsection.3.10.2}% 108
\BOOKMARK [1][-]{section.3.11}{\376\377\000D\000o\000k\000u\000m\000e\000n\000t\000a\000c\000e\000\040\000t\001\131\000\355\000d\000y\000\040\000c\000l\000I\000m\000a\000O\000s\000.\000c\000l\000I\000m\000a\000O\000s}{chapter.3}% 109
\BOOKMARK [2][-]{subsection.3.11.1}{\376\377\000D\000e\000t\000a\000i\000l\000n\000\355\000\040\000p\000o\000p\000i\000s}{section.3.11}% 110
\BOOKMARK [2][-]{subsection.3.11.2}{\376\377\000D\000o\000k\000u\000m\000e\000n\000t\000a\000c\000e\000\040\000k\000o\000n\000s\000t\000r\000u\000k\000t\000o\000r\000u\000\040\000a\000\040\000d\000e\000s\000t\000r\000u\000k\000t\000o\000r\000u}{section.3.11}% 111
\BOOKMARK [3][-]{subsubsection.3.11.2.1}{\376\377\000\137\000\137\000i\000n\000i\000t\000\137\000\137}{subsection.3.11.2}% 112
\BOOKMARK [2][-]{subsection.3.11.3}{\376\377\000D\000o\000k\000u\000m\000e\000n\000t\000a\000c\000e\000\040\000k\000\040\000m\000e\000t\000o\000d\000\341\000m}{section.3.11}% 113
\BOOKMARK [3][-]{subsubsection.3.11.3.1}{\376\377\000c\000l\000e\000a\000n\000I\000m\000a\000g\000e}{subsection.3.11.3}% 114
\BOOKMARK [3][-]{subsubsection.3.11.3.2}{\376\377\000c\000l\000e\000a\000n\000S\000y\000s\000t\000e\000m}{subsection.3.11.3}% 115
\BOOKMARK [1][-]{section.3.12}{\376\377\000D\000o\000k\000u\000m\000e\000n\000t\000a\000c\000e\000\040\000t\001\131\000\355\000d\000y\000\040\000t\000e\000s\000t\000s\000C\000o\000n\000f\000.\000C\000o\000n\000f\000C\000h\000e\000c\000k}{chapter.3}% 116
\BOOKMARK [2][-]{subsection.3.12.1}{\376\377\000D\000e\000t\000a\000i\000l\000n\000\355\000\040\000p\000o\000p\000i\000s}{section.3.12}% 117
\BOOKMARK [2][-]{subsection.3.12.2}{\376\377\000D\000o\000k\000u\000m\000e\000n\000t\000a\000c\000e\000\040\000k\000\040\000m\000e\000t\000o\000d\000\341\000m}{section.3.12}% 118
\BOOKMARK [3][-]{subsubsection.3.12.2.1}{\376\377\000c\000h\000e\000c\000k}{subsection.3.12.2}% 119
\BOOKMARK [1][-]{section.3.13}{\376\377\000D\000o\000k\000u\000m\000e\000n\000t\000a\000c\000e\000\040\000t\001\131\000\355\000d\000y\000\040\000C\000o\000n\000f\000S\000y\000s\000.\000C\000o\000n\000f\000S\000y\000s}{chapter.3}% 120
\BOOKMARK [2][-]{subsection.3.13.1}{\376\377\000D\000e\000t\000a\000i\000l\000n\000\355\000\040\000p\000o\000p\000i\000s}{section.3.13}% 121
\BOOKMARK [2][-]{subsection.3.13.2}{\376\377\000D\000o\000k\000u\000m\000e\000n\000t\000a\000c\000e\000\040\000k\000o\000n\000s\000t\000r\000u\000k\000t\000o\000r\000u\000\040\000a\000\040\000d\000e\000s\000t\000r\000u\000k\000t\000o\000r\000u}{section.3.13}% 122
\BOOKMARK [3][-]{subsubsection.3.13.2.1}{\376\377\000\137\000\137\000i\000n\000i\000t\000\137\000\137}{subsection.3.13.2}% 123
\BOOKMARK [2][-]{subsection.3.13.3}{\376\377\000D\000o\000k\000u\000m\000e\000n\000t\000a\000c\000e\000\040\000k\000\040\000m\000e\000t\000o\000d\000\341\000m}{section.3.13}% 124
\BOOKMARK [3][-]{subsubsection.3.13.3.1}{\376\377\000c\000o\000p\000y\000X\000B\000a\000c}{subsection.3.13.3}% 125
\BOOKMARK [3][-]{subsubsection.3.13.3.2}{\376\377\000c\000o\000p\000y\000X\000o\000r\000g\000C\000o}{subsection.3.13.3}% 126
\BOOKMARK [3][-]{subsubsection.3.13.3.3}{\376\377\000c\000r\000e\000a\000t\000e\000K\000e\000r}{subsection.3.13.3}% 127
\BOOKMARK [3][-]{subsubsection.3.13.3.4}{\376\377\000c\000r\000e\000a\000t\000e\000S\000t\000u\000d\000e\000n\000t}{subsection.3.13.3}% 128
\BOOKMARK [3][-]{subsubsection.3.13.3.5}{\376\377\000i\000n\000s\000t\000a\000l\000l\000D\000m}{subsection.3.13.3}% 129
\BOOKMARK [3][-]{subsubsection.3.13.3.6}{\376\377\000i\000n\000s\000t\000a\000l\000l\000I\000c\000e}{subsection.3.13.3}% 130
\BOOKMARK [3][-]{subsubsection.3.13.3.7}{\376\377\000i\000n\000s\000t\000a\000l\000l\000S\000y\000s\000D\000e\000b\000s}{subsection.3.13.3}% 131
\BOOKMARK [3][-]{subsubsection.3.13.3.8}{\376\377\000i\000n\000s\000t\000a\000l\000l\000X\000f\000c\000e}{subsection.3.13.3}% 132
\BOOKMARK [3][-]{subsubsection.3.13.3.9}{\376\377\000r\000e\000s\000e\000t\000A\000l\000l\000S\000e\000r\000v}{subsection.3.13.3}% 133
\BOOKMARK [3][-]{subsubsection.3.13.3.10}{\376\377\000r\000e\000s\000e\000t\000N\000e\000t}{subsection.3.13.3}% 134
\BOOKMARK [3][-]{subsubsection.3.13.3.11}{\376\377\000s\000e\000t\000U\000p\000D\000H}{subsection.3.13.3}% 135
\BOOKMARK [3][-]{subsubsection.3.13.3.12}{\376\377\000s\000e\000t\000U\000p\000F\000s\000t}{subsection.3.13.3}% 136
\BOOKMARK [3][-]{subsubsection.3.13.3.13}{\376\377\000s\000e\000t\000U\000p\000K\000e\000y}{subsection.3.13.3}% 137
\BOOKMARK [3][-]{subsubsection.3.13.3.14}{\376\377\000s\000e\000t\000U\000p\000L\000o\000c}{subsection.3.13.3}% 138
\BOOKMARK [3][-]{subsubsection.3.13.3.15}{\376\377\000s\000e\000t\000U\000p\000M\000a\000s\000q}{subsection.3.13.3}% 139
\BOOKMARK [3][-]{subsubsection.3.13.3.16}{\376\377\000s\000e\000t\000U\000p\000N\000e\000t\000s}{subsection.3.13.3}% 140
\BOOKMARK [3][-]{subsubsection.3.13.3.17}{\376\377\000s\000e\000t\000U\000p\000N\000F\000S}{subsection.3.13.3}% 141
\BOOKMARK [1][-]{section.3.14}{\376\377\000D\000o\000k\000u\000m\000e\000n\000t\000a\000c\000e\000\040\000t\001\131\000\355\000d\000y\000\040\000C\000o\000n\000s\000S\000y\000s\000.\000C\000o\000n\000s\000S\000y\000s}{chapter.3}% 142
\BOOKMARK [2][-]{subsection.3.14.1}{\376\377\000D\000e\000t\000a\000i\000l\000n\000\355\000\040\000p\000o\000p\000i\000s}{section.3.14}% 143
\BOOKMARK [2][-]{subsection.3.14.2}{\376\377\000D\000o\000k\000u\000m\000e\000n\000t\000a\000c\000e\000\040\000k\000\040\000m\000e\000t\000o\000d\000\341\000m}{section.3.14}% 144
\BOOKMARK [3][-]{subsubsection.3.14.2.1}{\376\377\000c\000h\000g\000P\000a\000s\000s\000w\000d}{subsection.3.14.2}% 145
\BOOKMARK [3][-]{subsubsection.3.14.2.2}{\376\377\000c\000o\000m\000p\000I\000p\000B\000y\000M\000a\000s\000k}{subsection.3.14.2}% 146
\BOOKMARK [3][-]{subsubsection.3.14.2.3}{\376\377\000c\000o\000p\000y\000L\000a\000r\000g\000e\000F\000i\000l\000e}{subsection.3.14.2}% 147
\BOOKMARK [3][-]{subsubsection.3.14.2.4}{\376\377\000e\000r\000A\000l\000l}{subsection.3.14.2}% 148
\BOOKMARK [3][-]{subsubsection.3.14.2.5}{\376\377\000e\000x\000t\000G\000z\000T\000a\000r}{subsection.3.14.2}% 149
\BOOKMARK [3][-]{subsubsection.3.14.2.6}{\376\377\000g\000e\000t\000B\000r\000o}{subsection.3.14.2}% 150
\BOOKMARK [3][-]{subsubsection.3.14.2.7}{\376\377\000g\000e\000t\000D\000e\000f\000G\000W}{subsection.3.14.2}% 151
\BOOKMARK [3][-]{subsubsection.3.14.2.8}{\376\377\000g\000e\000t\000D\000f\000I\000l\000I\000n\000t}{subsection.3.14.2}% 152
\BOOKMARK [3][-]{subsubsection.3.14.2.9}{\376\377\000g\000e\000t\000D\000n\000s\000S\000e\000r}{subsection.3.14.2}% 153
\BOOKMARK [3][-]{subsubsection.3.14.2.10}{\376\377\000g\000e\000t\000E\000t\000h\000I\000p}{subsection.3.14.2}% 154
\BOOKMARK [3][-]{subsubsection.3.14.2.11}{\376\377\000g\000e\000t\000E\000t\000h\000s}{subsection.3.14.2}% 155
\BOOKMARK [3][-]{subsubsection.3.14.2.12}{\376\377\000g\000e\000t\000N\000e\000t}{subsection.3.14.2}% 156
\BOOKMARK [3][-]{subsubsection.3.14.2.13}{\376\377\000g\000e\000t\000N\000e\000t\000m\000s\000k}{subsection.3.14.2}% 157
\BOOKMARK [3][-]{subsubsection.3.14.2.14}{\376\377\000i\000s\000C\000n\000t}{subsection.3.14.2}% 158
\BOOKMARK [3][-]{subsubsection.3.14.2.15}{\376\377\000m\000a\000k\000e\000D\000i\000r}{subsection.3.14.2}% 159
\BOOKMARK [3][-]{subsubsection.3.14.2.16}{\376\377\000r\000e\000m\000o\000v\000e\000F\000l}{subsection.3.14.2}% 160
\BOOKMARK [3][-]{subsubsection.3.14.2.17}{\376\377\000r\000u\000n\000P\000r\000o\000c\000e\000s\000s}{subsection.3.14.2}% 161
\BOOKMARK [3][-]{subsubsection.3.14.2.18}{\376\377\000s\000e\000r\000v}{subsection.3.14.2}% 162
\BOOKMARK [3][-]{subsubsection.3.14.2.19}{\376\377\000s\000e\000t\000s}{subsection.3.14.2}% 163
\BOOKMARK [3][-]{subsubsection.3.14.2.20}{\376\377\000u\000p\000d\000a\000t\000e\000I\000m\000g}{subsection.3.14.2}% 164
\BOOKMARK [3][-]{subsubsection.3.14.2.21}{\376\377\000u\000p\000d\000a\000t\000e\000S\000y\000s}{subsection.3.14.2}% 165
\BOOKMARK [1][-]{section.3.15}{\376\377\000D\000o\000k\000u\000m\000e\000n\000t\000a\000c\000e\000\040\000t\001\131\000\355\000d\000y\000\040\000D\000h\000c\000p\000C\000h\000e\000c\000k\000.\000D\000h\000c\000p\000C\000h\000e\000c\000k}{chapter.3}% 166
\BOOKMARK [2][-]{subsection.3.15.1}{\376\377\000D\000e\000t\000a\000i\000l\000n\000\355\000\040\000p\000o\000p\000i\000s}{section.3.15}% 167
\BOOKMARK [2][-]{subsection.3.15.2}{\376\377\000D\000o\000k\000u\000m\000e\000n\000t\000a\000c\000e\000\040\000k\000o\000n\000s\000t\000r\000u\000k\000t\000o\000r\000u\000\040\000a\000\040\000d\000e\000s\000t\000r\000u\000k\000t\000o\000r\000u}{section.3.15}% 168
\BOOKMARK [3][-]{subsubsection.3.15.2.1}{\376\377\000\137\000\137\000i\000n\000i\000t\000\137\000\137}{subsection.3.15.2}% 169
\BOOKMARK [2][-]{subsection.3.15.3}{\376\377\000D\000o\000k\000u\000m\000e\000n\000t\000a\000c\000e\000\040\000k\000\040\000m\000e\000t\000o\000d\000\341\000m}{section.3.15}% 170
\BOOKMARK [3][-]{subsubsection.3.15.3.1}{\376\377\000c\000h\000c\000N\000e\000w}{subsection.3.15.3}% 171
\BOOKMARK [3][-]{subsubsection.3.15.3.2}{\376\377\000g\000e\000t\000C\000l\000L\000i\000s\000t}{subsection.3.15.3}% 172
\BOOKMARK [3][-]{subsubsection.3.15.3.3}{\376\377\000g\000e\000t\000M\000a\000c\000B\000y\000I\000p\000D\000h}{subsection.3.15.3}% 173
\BOOKMARK [1][-]{section.3.16}{\376\377\000D\000o\000k\000u\000m\000e\000n\000t\000a\000c\000e\000\040\000t\001\131\000\355\000d\000y\000\040\000f\000w\000S\000e\000t\000U\000p\000.\000f\000w\000S\000e\000t\000U\000p}{chapter.3}% 174
\BOOKMARK [2][-]{subsection.3.16.1}{\376\377\000D\000e\000t\000a\000i\000l\000n\000\355\000\040\000p\000o\000p\000i\000s}{section.3.16}% 175
\BOOKMARK [2][-]{subsection.3.16.2}{\376\377\000D\000o\000k\000u\000m\000e\000n\000t\000a\000c\000e\000\040\000k\000o\000n\000s\000t\000r\000u\000k\000t\000o\000r\000u\000\040\000a\000\040\000d\000e\000s\000t\000r\000u\000k\000t\000o\000r\000u}{section.3.16}% 176
\BOOKMARK [3][-]{subsubsection.3.16.2.1}{\376\377\000\137\000\137\000i\000n\000i\000t\000\137\000\137}{subsection.3.16.2}% 177
\BOOKMARK [2][-]{subsection.3.16.3}{\376\377\000D\000o\000k\000u\000m\000e\000n\000t\000a\000c\000e\000\040\000k\000\040\000m\000e\000t\000o\000d\000\341\000m}{section.3.16}% 178
\BOOKMARK [3][-]{subsubsection.3.16.3.1}{\376\377\000b\000l\000D\000o\000m}{subsection.3.16.3}% 179
\BOOKMARK [3][-]{subsubsection.3.16.3.2}{\376\377\000b\000l\000N\000e\000t}{subsection.3.16.3}% 180
\BOOKMARK [3][-]{subsubsection.3.16.3.3}{\376\377\000g\000e\000t\000L\000s\000t\000B\000l}{subsection.3.16.3}% 181
\BOOKMARK [3][-]{subsubsection.3.16.3.4}{\376\377\000i\000s\000N\000e\000t}{subsection.3.16.3}% 182
\BOOKMARK [3][-]{subsubsection.3.16.3.5}{\376\377\000u\000n\000B\000l\000N\000e\000t}{subsection.3.16.3}% 183
\BOOKMARK [3][-]{subsubsection.3.16.3.6}{\376\377\000u\000n\000D\000o\000m}{subsection.3.16.3}% 184
\BOOKMARK [1][-]{section.3.17}{\376\377\000D\000o\000k\000u\000m\000e\000n\000t\000a\000c\000e\000\040\000t\001\131\000\355\000d\000y\000\040\000i\000n\000F\000o\000c\000u\000s\000.\000i\000n\000F\000o\000c\000u\000s}{chapter.3}% 185
\BOOKMARK [2][-]{subsection.3.17.1}{\376\377\000D\000e\000t\000a\000i\000l\000n\000\355\000\040\000p\000o\000p\000i\000s}{section.3.17}% 186
\BOOKMARK [2][-]{subsection.3.17.2}{\376\377\000D\000o\000k\000u\000m\000e\000n\000t\000a\000c\000e\000\040\000k\000o\000n\000s\000t\000r\000u\000k\000t\000o\000r\000u\000\040\000a\000\040\000d\000e\000s\000t\000r\000u\000k\000t\000o\000r\000u}{section.3.17}% 187
\BOOKMARK [3][-]{subsubsection.3.17.2.1}{\376\377\000\137\000\137\000i\000n\000i\000t\000\137\000\137}{subsection.3.17.2}% 188
\BOOKMARK [2][-]{subsection.3.17.3}{\376\377\000D\000o\000k\000u\000m\000e\000n\000t\000a\000c\000e\000\040\000k\000\040\000m\000e\000t\000o\000d\000\341\000m}{section.3.17}% 189
\BOOKMARK [3][-]{subsubsection.3.17.3.1}{\376\377\000d\000p\000k\000g\000C\000o\000n\000f\000A}{subsection.3.17.3}% 190
\BOOKMARK [3][-]{subsubsection.3.17.3.2}{\376\377\000e\000x\000C\000o\000m}{subsection.3.17.3}% 191
\BOOKMARK [3][-]{subsubsection.3.17.3.3}{\376\377\000g\000e\000t\000L\000s\000t\000I\000n\000s\000t}{subsection.3.17.3}% 192
\BOOKMARK [3][-]{subsubsection.3.17.3.4}{\376\377\000i\000n\000s\000t\000X\000m\000l\000C\000o}{subsection.3.17.3}% 193
\BOOKMARK [3][-]{subsubsection.3.17.3.5}{\376\377\000u\000n\000i\000X\000m\000l\000C\000o}{subsection.3.17.3}% 194
\BOOKMARK [1][-]{section.3.18}{\376\377\000D\000o\000k\000u\000m\000e\000n\000t\000a\000c\000e\000\040\000t\001\131\000\355\000d\000y\000\040\000i\000T\000a\000H\000a\000n\000d\000.\000i\000T\000a\000H\000a\000n\000d}{chapter.3}% 195
\BOOKMARK [2][-]{subsection.3.18.1}{\376\377\000D\000e\000t\000a\000i\000l\000n\000\355\000\040\000p\000o\000p\000i\000s}{section.3.18}% 196
\BOOKMARK [2][-]{subsection.3.18.2}{\376\377\000D\000o\000k\000u\000m\000e\000n\000t\000a\000c\000e\000\040\000k\000o\000n\000s\000t\000r\000u\000k\000t\000o\000r\000u\000\040\000a\000\040\000d\000e\000s\000t\000r\000u\000k\000t\000o\000r\000u}{section.3.18}% 197
\BOOKMARK [3][-]{subsubsection.3.18.2.1}{\376\377\000\137\000\137\000i\000n\000i\000t\000\137\000\137}{subsection.3.18.2}% 198
\BOOKMARK [2][-]{subsection.3.18.3}{\376\377\000D\000o\000k\000u\000m\000e\000n\000t\000a\000c\000e\000\040\000k\000\040\000m\000e\000t\000o\000d\000\341\000m}{section.3.18}% 199
\BOOKMARK [3][-]{subsubsection.3.18.3.1}{\376\377\000g\000e\000n\000K\000e\000y\000s}{subsection.3.18.3}% 200
\BOOKMARK [3][-]{subsubsection.3.18.3.2}{\376\377\000i\000n\000s\000t\000C\000l\000i\000e}{subsection.3.18.3}% 201
\BOOKMARK [3][-]{subsubsection.3.18.3.3}{\376\377\000i\000n\000s\000t\000S\000e\000r\000v}{subsection.3.18.3}% 202
\BOOKMARK [3][-]{subsubsection.3.18.3.4}{\376\377\000s\000e\000t\000C\000l\000i\000S\000c}{subsection.3.18.3}% 203
\BOOKMARK [3][-]{subsubsection.3.18.3.5}{\376\377\000s\000t\000a\000W\000i\000n}{subsection.3.18.3}% 204
\BOOKMARK [3][-]{subsubsection.3.18.3.6}{\376\377\000t\000s\000t\000I\000t\000a\000l\000c}{subsection.3.18.3}% 205
\BOOKMARK [1][-]{section.3.19}{\376\377\000D\000o\000k\000u\000m\000e\000n\000t\000a\000c\000e\000\040\000t\001\131\000\355\000d\000y\000\040\000S\000y\000s\000L\000o\000a\000d\000.\000S\000y\000s\000L\000o\000a\000d}{chapter.3}% 206
\BOOKMARK [2][-]{subsection.3.19.1}{\376\377\000D\000e\000t\000a\000i\000l\000n\000\355\000\040\000p\000o\000p\000i\000s}{section.3.19}% 207
\BOOKMARK [2][-]{subsection.3.19.2}{\376\377\000D\000o\000k\000u\000m\000e\000n\000t\000a\000c\000e\000\040\000k\000o\000n\000s\000t\000r\000u\000k\000t\000o\000r\000u\000\040\000a\000\040\000d\000e\000s\000t\000r\000u\000k\000t\000o\000r\000u}{section.3.19}% 208
\BOOKMARK [3][-]{subsubsection.3.19.2.1}{\376\377\000\137\000\137\000i\000n\000i\000t\000\137\000\137}{subsection.3.19.2}% 209
\BOOKMARK [2][-]{subsection.3.19.3}{\376\377\000D\000o\000k\000u\000m\000e\000n\000t\000a\000c\000e\000\040\000k\000\040\000m\000e\000t\000o\000d\000\341\000m}{section.3.19}% 210
\BOOKMARK [3][-]{subsubsection.3.19.3.1}{\376\377\000d\000e\000l\000t\000a\000T\000i\000m\000e}{subsection.3.19.3}% 211
\BOOKMARK [3][-]{subsubsection.3.19.3.2}{\376\377\000d\000i\000s\000k\000s\000t\000a\000t\000s\000P\000a\000r\000s\000e}{subsection.3.19.3}% 212
\BOOKMARK [3][-]{subsubsection.3.19.3.3}{\376\377\000g\000e\000t\000C\000p\000u\000L\000o\000a\000d}{subsection.3.19.3}% 213
\BOOKMARK [3][-]{subsubsection.3.19.3.4}{\376\377\000g\000e\000t\000L\000o\000a\000d\000A\000v\000g}{subsection.3.19.3}% 214
\BOOKMARK [3][-]{subsubsection.3.19.3.5}{\376\377\000g\000e\000t\000P\000e\000r\000c\000C\000p\000u\000L\000o\000a\000d}{subsection.3.19.3}% 215
\BOOKMARK [3][-]{subsubsection.3.19.3.6}{\376\377\000g\000e\000t\000P\000e\000r\000c\000S\000d\000a\000L\000o\000a\000d}{subsection.3.19.3}% 216
\BOOKMARK [3][-]{subsubsection.3.19.3.7}{\376\377\000g\000e\000t\000T\000i\000m\000e\000L\000i\000s\000t}{subsection.3.19.3}% 217
\BOOKMARK [1][-]{section.3.20}{\376\377\000D\000o\000k\000u\000m\000e\000n\000t\000a\000c\000e\000\040\000t\001\131\000\355\000d\000y\000\040\000x\000m\000l\000F\000o\000c\000P\000a\000r\000.\000x\000m\000l\000F\000o\000c\000P\000a\000r}{chapter.3}% 218
\BOOKMARK [2][-]{subsection.3.20.1}{\376\377\000D\000e\000t\000a\000i\000l\000n\000\355\000\040\000p\000o\000p\000i\000s}{section.3.20}% 219
\BOOKMARK [2][-]{subsection.3.20.2}{\376\377\000D\000o\000k\000u\000m\000e\000n\000t\000a\000c\000e\000\040\000k\000o\000n\000s\000t\000r\000u\000k\000t\000o\000r\000u\000\040\000a\000\040\000d\000e\000s\000t\000r\000u\000k\000t\000o\000r\000u}{section.3.20}% 220
\BOOKMARK [3][-]{subsubsection.3.20.2.1}{\376\377\000\137\000\137\000i\000n\000i\000t\000\137\000\137}{subsection.3.20.2}% 221
\BOOKMARK [2][-]{subsection.3.20.3}{\376\377\000D\000o\000k\000u\000m\000e\000n\000t\000a\000c\000e\000\040\000k\000\040\000m\000e\000t\000o\000d\000\341\000m}{section.3.20}% 222
\BOOKMARK [3][-]{subsubsection.3.20.3.1}{\376\377\000a\000p\000p\000s}{subsection.3.20.3}% 223
\BOOKMARK [3][-]{subsubsection.3.20.3.2}{\376\377\000g\000e\000t\000F\000o\000c}{subsection.3.20.3}% 224
\BOOKMARK [3][-]{subsubsection.3.20.3.3}{\376\377\000g\000e\000t\000L\000s\000t\000F\000o\000c}{subsection.3.20.3}% 225
\BOOKMARK [3][-]{subsubsection.3.20.3.4}{\376\377\000g\000e\000t\000T\000e\000x\000t}{subsection.3.20.3}% 226
\BOOKMARK [3][-]{subsubsection.3.20.3.5}{\376\377\000h\000a\000n\000d\000l\000e\000A\000p\000s}{subsection.3.20.3}% 227
\BOOKMARK [3][-]{subsubsection.3.20.3.6}{\376\377\000l\000d\000F\000o\000c}{subsection.3.20.3}% 228
\BOOKMARK [3][-]{subsubsection.3.20.3.7}{\376\377\000p\000a\000r\000F\000o\000c}{subsection.3.20.3}% 229
\BOOKMARK [3][-]{subsubsection.3.20.3.8}{\376\377\000r\000e\000l\000F\000o\000c}{subsection.3.20.3}% 230
\BOOKMARK [0][-]{chapter.4}{\376\377\000D\000o\000k\000u\000m\000e\000n\000t\000a\000c\000e\000\040\000s\000o\000u\000b\000o\000r\001\157}{}% 231
\BOOKMARK [1][-]{section.4.1}{\376\377\000D\000o\000k\000u\000m\000e\000n\000t\000a\000c\000e\000\040\000s\000o\000u\000b\000o\000r\000u\000\040\000c\000l\000I\000m\000a\000O\000s\000.\000p\000y}{chapter.4}% 232
\BOOKMARK [2][-]{subsection.4.1.1}{\376\377\000D\000e\000t\000a\000i\000l\000n\000\355\000\040\000p\000o\000p\000i\000s}{section.4.1}% 233
\BOOKMARK [1][-]{section.4.2}{\376\377\000D\000o\000k\000u\000m\000e\000n\000t\000a\000c\000e\000\040\000s\000o\000u\000b\000o\000r\000u\000\040\000c\000l\000o\000s\000e\000S\000e\000t\000u\000p\000.\000p\000y}{chapter.4}% 234
\BOOKMARK [2][-]{subsection.4.2.1}{\376\377\000D\000e\000t\000a\000i\000l\000n\000\355\000\040\000p\000o\000p\000i\000s}{section.4.2}% 235
\BOOKMARK [1][-]{section.4.3}{\376\377\000D\000o\000k\000u\000m\000e\000n\000t\000a\000c\000e\000\040\000s\000o\000u\000b\000o\000r\000u\000\040\000C\000o\000n\000f\000S\000y\000s\000.\000p\000y}{chapter.4}% 236
\BOOKMARK [2][-]{subsection.4.3.1}{\376\377\000D\000e\000t\000a\000i\000l\000n\000\355\000\040\000p\000o\000p\000i\000s}{section.4.3}% 237
\BOOKMARK [1][-]{section.4.4}{\376\377\000D\000o\000k\000u\000m\000e\000n\000t\000a\000c\000e\000\040\000s\000o\000u\000b\000o\000r\000u\000\040\000C\000o\000n\000s\000S\000y\000s\000.\000p\000y}{chapter.4}% 238
\BOOKMARK [2][-]{subsection.4.4.1}{\376\377\000D\000e\000t\000a\000i\000l\000n\000\355\000\040\000p\000o\000p\000i\000s}{section.4.4}% 239
\BOOKMARK [1][-]{section.4.5}{\376\377\000D\000o\000k\000u\000m\000e\000n\000t\000a\000c\000e\000\040\000s\000o\000u\000b\000o\000r\000u\000\040\000D\000h\000c\000p\000C\000h\000e\000c\000k\000.\000p\000y}{chapter.4}% 240
\BOOKMARK [2][-]{subsection.4.5.1}{\376\377\000D\000e\000t\000a\000i\000l\000n\000\355\000\040\000p\000o\000p\000i\000s}{section.4.5}% 241
\BOOKMARK [1][-]{section.4.6}{\376\377\000D\000o\000k\000u\000m\000e\000n\000t\000a\000c\000e\000\040\000s\000o\000u\000b\000o\000r\000u\000\040\000f\000w\000S\000e\000t\000U\000p\000.\000p\000y}{chapter.4}% 242
\BOOKMARK [2][-]{subsection.4.6.1}{\376\377\000D\000e\000t\000a\000i\000l\000n\000\355\000\040\000p\000o\000p\000i\000s}{section.4.6}% 243
\BOOKMARK [1][-]{section.4.7}{\376\377\000D\000o\000k\000u\000m\000e\000n\000t\000a\000c\000e\000\040\000s\000o\000u\000b\000o\000r\000u\000\040\000i\000n\000F\000o\000c\000u\000s\000.\000p\000y}{chapter.4}% 244
\BOOKMARK [2][-]{subsection.4.7.1}{\376\377\000D\000e\000t\000a\000i\000l\000n\000\355\000\040\000p\000o\000p\000i\000s}{section.4.7}% 245
\BOOKMARK [1][-]{section.4.8}{\376\377\000D\000o\000k\000u\000m\000e\000n\000t\000a\000c\000e\000\040\000s\000o\000u\000b\000o\000r\000u\000\040\000i\000T\000a\000H\000a\000n\000d\000.\000p\000y}{chapter.4}% 246
\BOOKMARK [2][-]{subsection.4.8.1}{\376\377\000D\000e\000t\000a\000i\000l\000n\000\355\000\040\000p\000o\000p\000i\000s}{section.4.8}% 247
\BOOKMARK [1][-]{section.4.9}{\376\377\000D\000o\000k\000u\000m\000e\000n\000t\000a\000c\000e\000\040\000s\000o\000u\000b\000o\000r\000u\000\040\000m\000a\000i\000n\000.\000p\000y}{chapter.4}% 248
\BOOKMARK [2][-]{subsection.4.9.1}{\376\377\000D\000e\000t\000a\000i\000l\000n\000\355\000\040\000p\000o\000p\000i\000s}{section.4.9}% 249
\BOOKMARK [1][-]{section.4.10}{\376\377\000D\000o\000k\000u\000m\000e\000n\000t\000a\000c\000e\000\040\000s\000o\000u\000b\000o\000r\000u\000\040\000m\000n\000C\000l\000e\000a\000n\000.\000p\000y}{chapter.4}% 250
\BOOKMARK [2][-]{subsection.4.10.1}{\376\377\000D\000e\000t\000a\000i\000l\000n\000\355\000\040\000p\000o\000p\000i\000s}{section.4.10}% 251
\BOOKMARK [1][-]{section.4.11}{\376\377\000D\000o\000k\000u\000m\000e\000n\000t\000a\000c\000e\000\040\000s\000o\000u\000b\000o\000r\000u\000\040\000m\000n\000E\000n\000D\000i\000s\000.\000p\000y}{chapter.4}% 252
\BOOKMARK [2][-]{subsection.4.11.1}{\376\377\000D\000e\000t\000a\000i\000l\000n\000\355\000\040\000p\000o\000p\000i\000s}{section.4.11}% 253
\BOOKMARK [1][-]{section.4.12}{\376\377\000D\000o\000k\000u\000m\000e\000n\000t\000a\000c\000e\000\040\000s\000o\000u\000b\000o\000r\000u\000\040\000m\000n\000F\000o\000c\000u\000s\000.\000p\000y}{chapter.4}% 254
\BOOKMARK [2][-]{subsection.4.12.1}{\376\377\000D\000e\000t\000a\000i\000l\000n\000\355\000\040\000p\000o\000p\000i\000s}{section.4.12}% 255
\BOOKMARK [1][-]{section.4.13}{\376\377\000D\000o\000k\000u\000m\000e\000n\000t\000a\000c\000e\000\040\000s\000o\000u\000b\000o\000r\000u\000\040\000m\000n\000W\000i\000n\000d\000o\000w\000.\000p\000y}{chapter.4}% 256
\BOOKMARK [2][-]{subsection.4.13.1}{\376\377\000D\000e\000t\000a\000i\000l\000n\000\355\000\040\000p\000o\000p\000i\000s}{section.4.13}% 257
\BOOKMARK [1][-]{section.4.14}{\376\377\000D\000o\000k\000u\000m\000e\000n\000t\000a\000c\000e\000\040\000s\000o\000u\000b\000o\000r\000u\000\040\000S\000y\000s\000L\000o\000a\000d\000.\000p\000y}{chapter.4}% 258
\BOOKMARK [2][-]{subsection.4.14.1}{\376\377\000D\000e\000t\000a\000i\000l\000n\000\355\000\040\000p\000o\000p\000i\000s}{section.4.14}% 259
\BOOKMARK [1][-]{section.4.15}{\376\377\000D\000o\000k\000u\000m\000e\000n\000t\000a\000c\000e\000\040\000s\000o\000u\000b\000o\000r\000u\000\040\000t\000e\000s\000t\000s\000C\000o\000n\000f\000.\000p\000y}{chapter.4}% 260
\BOOKMARK [2][-]{subsection.4.15.1}{\376\377\000D\000e\000t\000a\000i\000l\000n\000\355\000\040\000p\000o\000p\000i\000s}{section.4.15}% 261
\BOOKMARK [1][-]{section.4.16}{\376\377\000D\000o\000k\000u\000m\000e\000n\000t\000a\000c\000e\000\040\000s\000o\000u\000b\000o\000r\000u\000\040\000t\000e\000s\000t\000s\000S\000e\000r\000v\000i\000c\000e\000s\000.\000p\000y}{chapter.4}% 262
\BOOKMARK [2][-]{subsection.4.16.1}{\376\377\000D\000e\000t\000a\000i\000l\000n\000\355\000\040\000p\000o\000p\000i\000s}{section.4.16}% 263
\BOOKMARK [1][-]{section.4.17}{\376\377\000D\000o\000k\000u\000m\000e\000n\000t\000a\000c\000e\000\040\000s\000o\000u\000b\000o\000r\000u\000\040\000x\000m\000l\000F\000o\000c\000P\000a\000r\000.\000p\000y}{chapter.4}% 264
\BOOKMARK [2][-]{subsection.4.17.1}{\376\377\000D\000e\000t\000a\000i\000l\000n\000\355\000\040\000p\000o\000p\000i\000s}{section.4.17}% 265
