
[10:00:37 29.10.2014]
/proc/mounts already there
++++++++++++++++++++++++++++++++++++++++++++
[10:00:44 29.10.2014]
Čtu seznamy balíků...

++++++++++++++++++++++++++++++++++++++++++++
[10:00:44 29.10.2014]
Vytváří se strom závislostí...

++++++++++++++++++++++++++++++++++++++++++++
[10:00:44 29.10.2014]
Čtu stavové informace...

++++++++++++++++++++++++++++++++++++++++++++
[10:00:44 29.10.2014]
Čtu seznamy balíků...

++++++++++++++++++++++++++++++++++++++++++++
[10:00:44 29.10.2014]
Vytváří se strom závislostí...

++++++++++++++++++++++++++++++++++++++++++++
[10:00:44 29.10.2014]
Čtu stavové informace...

++++++++++++++++++++++++++++++++++++++++++++
[10:00:44 29.10.2014]
0 aktualizováno, 0 nově instalováno, 0 k odstranění a 0 neaktualizováno.

++++++++++++++++++++++++++++++++++++++++++++
[10:00:44 29.10.2014]
Čtu seznamy balíků...

++++++++++++++++++++++++++++++++++++++++++++
[10:00:44 29.10.2014]
Vytváří se strom závislostí...

++++++++++++++++++++++++++++++++++++++++++++
[10:00:44 29.10.2014]
Čtu stavové informace...

++++++++++++++++++++++++++++++++++++++++++++
[10:00:44 29.10.2014]
Následující extra balíky budou instalovány:

++++++++++++++++++++++++++++++++++++++++++++
[10:00:44 29.10.2014]
  putty-tools

++++++++++++++++++++++++++++++++++++++++++++
[10:00:44 29.10.2014]
Navrhované balíky:

++++++++++++++++++++++++++++++++++++++++++++
[10:00:44 29.10.2014]
  putty-doc

++++++++++++++++++++++++++++++++++++++++++++
[10:00:44 29.10.2014]
Následující NOVÉ balíky budou nainstalovány:

++++++++++++++++++++++++++++++++++++++++++++
[10:00:44 29.10.2014]
  putty putty-tools

++++++++++++++++++++++++++++++++++++++++++++
[10:00:44 29.10.2014]
0 aktualizováno, 2 nově instalováno, 0 k odstranění a 0 neaktualizováno.

++++++++++++++++++++++++++++++++++++++++++++
[10:00:44 29.10.2014]
Potřebuji stáhnout 1 048 kB archivů.

++++++++++++++++++++++++++++++++++++++++++++
[10:00:44 29.10.2014]
Po této operaci bude na disku použito dalších 2 275 kB.

++++++++++++++++++++++++++++++++++++++++++++
[10:00:44 29.10.2014]
VAROVÁNÍ: Následující balíky nemohou být autentizovány!

++++++++++++++++++++++++++++++++++++++++++++
[10:00:44 29.10.2014]
  putty-tools putty

++++++++++++++++++++++++++++++++++++++++++++
[10:00:47 29.10.2014]
Autentizační varování potlačeno.

++++++++++++++++++++++++++++++++++++++++++++
[10:00:47 29.10.2014]
Err http://ftp.cz.debian.org/debian/ wheezy/main putty-tools i386 0.62-9+deb7u1

++++++++++++++++++++++++++++++++++++++++++++
[10:00:47 29.10.2014]
  Nelze se připojit k 192.168.111.2:3142 (192.168.111.2). - connect (113: K počítači neexistuje cesta)

++++++++++++++++++++++++++++++++++++++++++++
[10:00:47 29.10.2014]
Err http://ftp.cz.debian.org/debian/ wheezy/main putty i386 0.62-9+deb7u1

++++++++++++++++++++++++++++++++++++++++++++
[10:00:47 29.10.2014]
  Nelze se připojit k 192.168.111.2:3142:

++++++++++++++++++++++++++++++++++++++++++++
[10:00:47 29.10.2014]
Selhalo stažení http://ftp.cz.debian.org/debian/pool/main/p/putty/putty-tools_0.62-9+deb7u1_i386.deb  Nelze se připojit k 192.168.111.2:3142 (192.168.111.2). - connect (113: K počítači neexistuje cesta)

++++++++++++++++++++++++++++++++++++++++++++
[10:00:47 29.10.2014]
Selhalo stažení http://ftp.cz.debian.org/debian/pool/main/p/putty/putty_0.62-9+deb7u1_i386.deb  Nelze se připojit k 192.168.111.2:3142:

++++++++++++++++++++++++++++++++++++++++++++
[10:00:47 29.10.2014]
Čtu seznamy balíků...

++++++++++++++++++++++++++++++++++++++++++++
[10:00:48 29.10.2014]
Vytváří se strom závislostí...

++++++++++++++++++++++++++++++++++++++++++++
[10:00:48 29.10.2014]
Čtu stavové informace...

++++++++++++++++++++++++++++++++++++++++++++
[10:00:48 29.10.2014]
Následující extra balíky budou instalovány:

++++++++++++++++++++++++++++++++++++++++++++
[10:00:48 29.10.2014]
  lrzsz

++++++++++++++++++++++++++++++++++++++++++++
[10:00:48 29.10.2014]
Následující NOVÉ balíky budou nainstalovány:

++++++++++++++++++++++++++++++++++++++++++++
[10:00:48 29.10.2014]
  lrzsz minicom

++++++++++++++++++++++++++++++++++++++++++++
[10:00:48 29.10.2014]
0 aktualizováno, 2 nově instalováno, 0 k odstranění a 0 neaktualizováno.

++++++++++++++++++++++++++++++++++++++++++++
[10:00:48 29.10.2014]
Potřebuji stáhnout 416 kB archivů.

++++++++++++++++++++++++++++++++++++++++++++
[10:00:48 29.10.2014]
Po této operaci bude na disku použito dalších 1 260 kB.

++++++++++++++++++++++++++++++++++++++++++++
[10:00:48 29.10.2014]
VAROVÁNÍ: Následující balíky nemohou být autentizovány!

++++++++++++++++++++++++++++++++++++++++++++
[10:00:48 29.10.2014]
  lrzsz minicom

++++++++++++++++++++++++++++++++++++++++++++
[10:00:50 29.10.2014]
Autentizační varování potlačeno.

++++++++++++++++++++++++++++++++++++++++++++
[10:00:50 29.10.2014]
Err http://ftp.cz.debian.org/debian/ wheezy/main lrzsz i386 0.12.21-5

++++++++++++++++++++++++++++++++++++++++++++
[10:00:50 29.10.2014]
  Nelze se připojit k 192.168.111.2:3142 (192.168.111.2). - connect (113: K počítači neexistuje cesta)

++++++++++++++++++++++++++++++++++++++++++++
[10:00:50 29.10.2014]
Err http://ftp.cz.debian.org/debian/ wheezy/main minicom i386 2.6.1-1

++++++++++++++++++++++++++++++++++++++++++++
[10:00:50 29.10.2014]
  Nelze se připojit k 192.168.111.2:3142:

++++++++++++++++++++++++++++++++++++++++++++
[10:00:50 29.10.2014]
Selhalo stažení http://ftp.cz.debian.org/debian/pool/main/l/lrzsz/lrzsz_0.12.21-5_i386.deb  Nelze se připojit k 192.168.111.2:3142 (192.168.111.2). - connect (113: K počítači neexistuje cesta)

++++++++++++++++++++++++++++++++++++++++++++
[10:00:50 29.10.2014]
Selhalo stažení http://ftp.cz.debian.org/debian/pool/main/m/minicom/minicom_2.6.1-1_i386.deb  Nelze se připojit k 192.168.111.2:3142:

++++++++++++++++++++++++++++++++++++++++++++
[10:00:51 29.10.2014]
Čtu seznamy balíků...

++++++++++++++++++++++++++++++++++++++++++++
[10:00:51 29.10.2014]
Vytváří se strom závislostí...

++++++++++++++++++++++++++++++++++++++++++++
[10:00:51 29.10.2014]
Čtu stavové informace...

++++++++++++++++++++++++++++++++++++++++++++
[10:00:51 29.10.2014]
Čtu seznamy balíků...

++++++++++++++++++++++++++++++++++++++++++++
[10:00:51 29.10.2014]
Vytváří se strom závislostí...

++++++++++++++++++++++++++++++++++++++++++++
[10:00:51 29.10.2014]
Čtu stavové informace...

++++++++++++++++++++++++++++++++++++++++++++
[10:00:51 29.10.2014]
0 aktualizováno, 0 nově instalováno, 0 k odstranění a 0 neaktualizováno.

++++++++++++++++++++++++++++++++++++++++++++
[10:00:51 29.10.2014]
Čtu seznamy balíků...

++++++++++++++++++++++++++++++++++++++++++++
[10:00:51 29.10.2014]
Vytváří se strom závislostí...

++++++++++++++++++++++++++++++++++++++++++++
[10:00:51 29.10.2014]
Čtu stavové informace...

++++++++++++++++++++++++++++++++++++++++++++
[10:00:51 29.10.2014]
Balík „anki“ není nainstalován, nelze tedy odstranit

++++++++++++++++++++++++++++++++++++++++++++
[10:00:51 29.10.2014]
0 aktualizováno, 0 nově instalováno, 0 k odstranění a 0 neaktualizováno.

++++++++++++++++++++++++++++++++++++++++++++
[10:00:51 29.10.2014]
Čtu seznamy balíků...

++++++++++++++++++++++++++++++++++++++++++++
[10:00:51 29.10.2014]
Vytváří se strom závislostí...

++++++++++++++++++++++++++++++++++++++++++++
[10:00:51 29.10.2014]
Čtu stavové informace...

++++++++++++++++++++++++++++++++++++++++++++
[10:00:51 29.10.2014]
Balík „mnemosyne“ není nainstalován, nelze tedy odstranit

++++++++++++++++++++++++++++++++++++++++++++
[10:00:51 29.10.2014]
0 aktualizováno, 0 nově instalováno, 0 k odstranění a 0 neaktualizováno.

++++++++++++++++++++++++++++++++++++++++++++
[10:00:52 29.10.2014]
Čtu seznamy balíků...

++++++++++++++++++++++++++++++++++++++++++++
[10:00:52 29.10.2014]
Vytváří se strom závislostí...

++++++++++++++++++++++++++++++++++++++++++++
[10:00:52 29.10.2014]
Čtu stavové informace...

++++++++++++++++++++++++++++++++++++++++++++
[10:00:52 29.10.2014]
Balík „geogebra“ není nainstalován, nelze tedy odstranit

++++++++++++++++++++++++++++++++++++++++++++
[10:00:52 29.10.2014]
0 aktualizováno, 0 nově instalováno, 0 k odstranění a 0 neaktualizováno.

++++++++++++++++++++++++++++++++++++++++++++
[10:00:52 29.10.2014]
Čtu seznamy balíků...

++++++++++++++++++++++++++++++++++++++++++++
[10:00:52 29.10.2014]
Vytváří se strom závislostí...

++++++++++++++++++++++++++++++++++++++++++++
[10:00:52 29.10.2014]
Čtu stavové informace...

++++++++++++++++++++++++++++++++++++++++++++
[10:00:52 29.10.2014]
Balík „wxmaxima“ není nainstalován, nelze tedy odstranit

++++++++++++++++++++++++++++++++++++++++++++
[10:00:52 29.10.2014]
0 aktualizováno, 0 nově instalováno, 0 k odstranění a 0 neaktualizováno.

++++++++++++++++++++++++++++++++++++++++++++
[10:00:52 29.10.2014]
Čtu seznamy balíků...

++++++++++++++++++++++++++++++++++++++++++++
[10:00:52 29.10.2014]
Vytváří se strom závislostí...

++++++++++++++++++++++++++++++++++++++++++++
[10:00:52 29.10.2014]
Čtu stavové informace...

++++++++++++++++++++++++++++++++++++++++++++
[10:00:52 29.10.2014]
Balík „kalgebra“ není nainstalován, nelze tedy odstranit

++++++++++++++++++++++++++++++++++++++++++++
[10:00:52 29.10.2014]
0 aktualizováno, 0 nově instalováno, 0 k odstranění a 0 neaktualizováno.

++++++++++++++++++++++++++++++++++++++++++++
[10:00:52 29.10.2014]
Čtu seznamy balíků...

++++++++++++++++++++++++++++++++++++++++++++
[10:00:52 29.10.2014]
Vytváří se strom závislostí...

++++++++++++++++++++++++++++++++++++++++++++
[10:00:52 29.10.2014]
Čtu stavové informace...

++++++++++++++++++++++++++++++++++++++++++++
[10:00:53 29.10.2014]
Balík „qtoctave“ není nainstalován, nelze tedy odstranit

++++++++++++++++++++++++++++++++++++++++++++
[10:00:53 29.10.2014]
0 aktualizováno, 0 nově instalováno, 0 k odstranění a 0 neaktualizováno.

++++++++++++++++++++++++++++++++++++++++++++
[10:00:53 29.10.2014]
Čtu seznamy balíků...

++++++++++++++++++++++++++++++++++++++++++++
[10:00:53 29.10.2014]
Vytváří se strom závislostí...

++++++++++++++++++++++++++++++++++++++++++++
[10:00:53 29.10.2014]
Čtu stavové informace...

++++++++++++++++++++++++++++++++++++++++++++
[10:00:53 29.10.2014]
Balík „klavaro“ není nainstalován, nelze tedy odstranit

++++++++++++++++++++++++++++++++++++++++++++
[10:00:53 29.10.2014]
0 aktualizováno, 0 nově instalováno, 0 k odstranění a 0 neaktualizováno.

++++++++++++++++++++++++++++++++++++++++++++
[10:00:53 29.10.2014]
Čtu seznamy balíků...

++++++++++++++++++++++++++++++++++++++++++++
[10:00:53 29.10.2014]
Vytváří se strom závislostí...

++++++++++++++++++++++++++++++++++++++++++++
[10:00:53 29.10.2014]
Čtu stavové informace...

++++++++++++++++++++++++++++++++++++++++++++
[10:00:53 29.10.2014]
Balík „ktouch“ není nainstalován, nelze tedy odstranit

++++++++++++++++++++++++++++++++++++++++++++
[10:00:53 29.10.2014]
0 aktualizováno, 0 nově instalováno, 0 k odstranění a 0 neaktualizováno.

++++++++++++++++++++++++++++++++++++++++++++
[10:00:53 29.10.2014]
Čtu seznamy balíků...

++++++++++++++++++++++++++++++++++++++++++++
[10:00:53 29.10.2014]
Vytváří se strom závislostí...

++++++++++++++++++++++++++++++++++++++++++++
[10:00:53 29.10.2014]
Čtu stavové informace...

++++++++++++++++++++++++++++++++++++++++++++
[10:00:53 29.10.2014]
Balík „tuxtype“ není nainstalován, nelze tedy odstranit

++++++++++++++++++++++++++++++++++++++++++++
[10:00:53 29.10.2014]
0 aktualizováno, 0 nově instalováno, 0 k odstranění a 0 neaktualizováno.

++++++++++++++++++++++++++++++++++++++++++++
[10:00:53 29.10.2014]
Čtu seznamy balíků...

++++++++++++++++++++++++++++++++++++++++++++
[10:00:53 29.10.2014]
Vytváří se strom závislostí...

++++++++++++++++++++++++++++++++++++++++++++
[10:00:53 29.10.2014]
Čtu stavové informace...

++++++++++++++++++++++++++++++++++++++++++++
[10:00:54 29.10.2014]
Balík „gpicview“ není nainstalován, nelze tedy odstranit

++++++++++++++++++++++++++++++++++++++++++++
[10:00:54 29.10.2014]
0 aktualizováno, 0 nově instalováno, 0 k odstranění a 0 neaktualizováno.

++++++++++++++++++++++++++++++++++++++++++++
[10:00:54 29.10.2014]
Čtu seznamy balíků...

++++++++++++++++++++++++++++++++++++++++++++
[10:00:54 29.10.2014]
Vytváří se strom závislostí...

++++++++++++++++++++++++++++++++++++++++++++
[10:00:54 29.10.2014]
Čtu stavové informace...

++++++++++++++++++++++++++++++++++++++++++++
[10:00:54 29.10.2014]
Balík „gimp“ není nainstalován, nelze tedy odstranit

++++++++++++++++++++++++++++++++++++++++++++
[10:00:54 29.10.2014]
0 aktualizováno, 0 nově instalováno, 0 k odstranění a 0 neaktualizováno.

++++++++++++++++++++++++++++++++++++++++++++
[10:00:54 29.10.2014]
Čtu seznamy balíků...

++++++++++++++++++++++++++++++++++++++++++++
[10:00:54 29.10.2014]
Vytváří se strom závislostí...

++++++++++++++++++++++++++++++++++++++++++++
[10:00:54 29.10.2014]
Čtu stavové informace...

++++++++++++++++++++++++++++++++++++++++++++
[10:00:54 29.10.2014]
Balík „inkscape“ není nainstalován, nelze tedy odstranit

++++++++++++++++++++++++++++++++++++++++++++
[10:00:54 29.10.2014]
0 aktualizováno, 0 nově instalováno, 0 k odstranění a 0 neaktualizováno.

++++++++++++++++++++++++++++++++++++++++++++
[10:00:54 29.10.2014]
Čtu seznamy balíků...

++++++++++++++++++++++++++++++++++++++++++++
[10:00:54 29.10.2014]
Vytváří se strom závislostí...

++++++++++++++++++++++++++++++++++++++++++++
[10:00:54 29.10.2014]
Čtu stavové informace...

++++++++++++++++++++++++++++++++++++++++++++
[10:00:54 29.10.2014]
Balík „libreoffice“ není nainstalován, nelze tedy odstranit

++++++++++++++++++++++++++++++++++++++++++++
[10:00:54 29.10.2014]
0 aktualizováno, 0 nově instalováno, 0 k odstranění a 0 neaktualizováno.

++++++++++++++++++++++++++++++++++++++++++++
[10:00:54 29.10.2014]
Čtu seznamy balíků...

++++++++++++++++++++++++++++++++++++++++++++
[10:00:55 29.10.2014]
Vytváří se strom závislostí...

++++++++++++++++++++++++++++++++++++++++++++
[10:00:55 29.10.2014]
Čtu stavové informace...

++++++++++++++++++++++++++++++++++++++++++++
[10:00:55 29.10.2014]
Balík „leafpad“ není nainstalován, nelze tedy odstranit

++++++++++++++++++++++++++++++++++++++++++++
[10:00:55 29.10.2014]
0 aktualizováno, 0 nově instalováno, 0 k odstranění a 0 neaktualizováno.

++++++++++++++++++++++++++++++++++++++++++++
[10:00:55 29.10.2014]
Čtu seznamy balíků...

++++++++++++++++++++++++++++++++++++++++++++
[10:00:55 29.10.2014]
Vytváří se strom závislostí...

++++++++++++++++++++++++++++++++++++++++++++
[10:00:55 29.10.2014]
Čtu stavové informace...

++++++++++++++++++++++++++++++++++++++++++++
[10:00:55 29.10.2014]
Balík „qelectrotech“ není nainstalován, nelze tedy odstranit

++++++++++++++++++++++++++++++++++++++++++++
[10:00:55 29.10.2014]
0 aktualizováno, 0 nově instalováno, 0 k odstranění a 0 neaktualizováno.

++++++++++++++++++++++++++++++++++++++++++++
[10:00:55 29.10.2014]
Čtu seznamy balíků...

++++++++++++++++++++++++++++++++++++++++++++
[10:00:55 29.10.2014]
Vytváří se strom závislostí...

++++++++++++++++++++++++++++++++++++++++++++
[10:00:55 29.10.2014]
Čtu stavové informace...

++++++++++++++++++++++++++++++++++++++++++++
[10:00:55 29.10.2014]
Balík „kicad“ není nainstalován, nelze tedy odstranit

++++++++++++++++++++++++++++++++++++++++++++
[10:00:55 29.10.2014]
0 aktualizováno, 0 nově instalováno, 0 k odstranění a 0 neaktualizováno.

++++++++++++++++++++++++++++++++++++++++++++
[10:01:25 29.10.2014]
/proc/mounts already there
++++++++++++++++++++++++++++++++++++++++++++
[10:01:29 29.10.2014]
Čtu seznamy balíků...

++++++++++++++++++++++++++++++++++++++++++++
[10:01:29 29.10.2014]
Vytváří se strom závislostí...

++++++++++++++++++++++++++++++++++++++++++++
[10:01:29 29.10.2014]
Čtu stavové informace...

++++++++++++++++++++++++++++++++++++++++++++
[10:01:30 29.10.2014]
Čtu seznamy balíků...

++++++++++++++++++++++++++++++++++++++++++++
[10:01:30 29.10.2014]
Vytváří se strom závislostí...

++++++++++++++++++++++++++++++++++++++++++++
[10:01:30 29.10.2014]
Čtu stavové informace...

++++++++++++++++++++++++++++++++++++++++++++
[10:01:30 29.10.2014]
0 aktualizováno, 0 nově instalováno, 0 k odstranění a 0 neaktualizováno.

++++++++++++++++++++++++++++++++++++++++++++
[10:01:30 29.10.2014]
Čtu seznamy balíků...

++++++++++++++++++++++++++++++++++++++++++++
[10:01:30 29.10.2014]
Vytváří se strom závislostí...

++++++++++++++++++++++++++++++++++++++++++++
[10:01:30 29.10.2014]
Čtu stavové informace...

++++++++++++++++++++++++++++++++++++++++++++
[10:01:30 29.10.2014]
Následující extra balíky budou instalovány:

++++++++++++++++++++++++++++++++++++++++++++
[10:01:30 29.10.2014]
  putty-tools

++++++++++++++++++++++++++++++++++++++++++++
[10:01:30 29.10.2014]
Navrhované balíky:

++++++++++++++++++++++++++++++++++++++++++++
[10:01:30 29.10.2014]
  putty-doc

++++++++++++++++++++++++++++++++++++++++++++
[10:01:30 29.10.2014]
Následující NOVÉ balíky budou nainstalovány:

++++++++++++++++++++++++++++++++++++++++++++
[10:01:30 29.10.2014]
  putty putty-tools

++++++++++++++++++++++++++++++++++++++++++++
[10:01:30 29.10.2014]
0 aktualizováno, 2 nově instalováno, 0 k odstranění a 0 neaktualizováno.

++++++++++++++++++++++++++++++++++++++++++++
[10:01:30 29.10.2014]
Potřebuji stáhnout 1 048 kB archivů.

++++++++++++++++++++++++++++++++++++++++++++
[10:01:30 29.10.2014]
Po této operaci bude na disku použito dalších 2 275 kB.

++++++++++++++++++++++++++++++++++++++++++++
[10:01:30 29.10.2014]
VAROVÁNÍ: Následující balíky nemohou být autentizovány!

++++++++++++++++++++++++++++++++++++++++++++
[10:01:30 29.10.2014]
  putty-tools putty

++++++++++++++++++++++++++++++++++++++++++++
[10:01:33 29.10.2014]
Autentizační varování potlačeno.

++++++++++++++++++++++++++++++++++++++++++++
[10:01:33 29.10.2014]
Err http://ftp.cz.debian.org/debian/ wheezy/main putty-tools i386 0.62-9+deb7u1

++++++++++++++++++++++++++++++++++++++++++++
[10:01:33 29.10.2014]
  Nelze se připojit k 192.168.111.2:3142 (192.168.111.2). - connect (113: K počítači neexistuje cesta)

++++++++++++++++++++++++++++++++++++++++++++
[10:01:33 29.10.2014]
Err http://ftp.cz.debian.org/debian/ wheezy/main putty i386 0.62-9+deb7u1

++++++++++++++++++++++++++++++++++++++++++++
[10:01:33 29.10.2014]
  Nelze se připojit k 192.168.111.2:3142:

++++++++++++++++++++++++++++++++++++++++++++
[10:01:33 29.10.2014]
Selhalo stažení http://ftp.cz.debian.org/debian/pool/main/p/putty/putty-tools_0.62-9+deb7u1_i386.deb  Nelze se připojit k 192.168.111.2:3142 (192.168.111.2). - connect (113: K počítači neexistuje cesta)

++++++++++++++++++++++++++++++++++++++++++++
[10:01:33 29.10.2014]
Selhalo stažení http://ftp.cz.debian.org/debian/pool/main/p/putty/putty_0.62-9+deb7u1_i386.deb  Nelze se připojit k 192.168.111.2:3142:

++++++++++++++++++++++++++++++++++++++++++++
[10:01:33 29.10.2014]
Čtu seznamy balíků...

++++++++++++++++++++++++++++++++++++++++++++
[10:01:33 29.10.2014]
Vytváří se strom závislostí...

++++++++++++++++++++++++++++++++++++++++++++
[10:01:33 29.10.2014]
Čtu stavové informace...

++++++++++++++++++++++++++++++++++++++++++++
[10:01:33 29.10.2014]
Následující extra balíky budou instalovány:

++++++++++++++++++++++++++++++++++++++++++++
[10:01:33 29.10.2014]
  lrzsz

++++++++++++++++++++++++++++++++++++++++++++
[10:01:33 29.10.2014]
Následující NOVÉ balíky budou nainstalovány:

++++++++++++++++++++++++++++++++++++++++++++
[10:01:33 29.10.2014]
  lrzsz minicom

++++++++++++++++++++++++++++++++++++++++++++
[10:01:33 29.10.2014]
0 aktualizováno, 2 nově instalováno, 0 k odstranění a 0 neaktualizováno.

++++++++++++++++++++++++++++++++++++++++++++
[10:01:33 29.10.2014]
Potřebuji stáhnout 416 kB archivů.

++++++++++++++++++++++++++++++++++++++++++++
[10:01:33 29.10.2014]
Po této operaci bude na disku použito dalších 1 260 kB.

++++++++++++++++++++++++++++++++++++++++++++
[10:01:33 29.10.2014]
VAROVÁNÍ: Následující balíky nemohou být autentizovány!

++++++++++++++++++++++++++++++++++++++++++++
[10:01:33 29.10.2014]
  lrzsz minicom

++++++++++++++++++++++++++++++++++++++++++++
[10:01:36 29.10.2014]
Autentizační varování potlačeno.

++++++++++++++++++++++++++++++++++++++++++++
[10:01:36 29.10.2014]
Err http://ftp.cz.debian.org/debian/ wheezy/main lrzsz i386 0.12.21-5

++++++++++++++++++++++++++++++++++++++++++++
[10:01:36 29.10.2014]
  Nelze se připojit k 192.168.111.2:3142 (192.168.111.2). - connect (113: K počítači neexistuje cesta)

++++++++++++++++++++++++++++++++++++++++++++
[10:01:36 29.10.2014]
Err http://ftp.cz.debian.org/debian/ wheezy/main minicom i386 2.6.1-1

++++++++++++++++++++++++++++++++++++++++++++
[10:01:36 29.10.2014]
  Nelze se připojit k 192.168.111.2:3142:

++++++++++++++++++++++++++++++++++++++++++++
[10:01:36 29.10.2014]
Selhalo stažení http://ftp.cz.debian.org/debian/pool/main/l/lrzsz/lrzsz_0.12.21-5_i386.deb  Nelze se připojit k 192.168.111.2:3142 (192.168.111.2). - connect (113: K počítači neexistuje cesta)

++++++++++++++++++++++++++++++++++++++++++++
[10:01:36 29.10.2014]
Selhalo stažení http://ftp.cz.debian.org/debian/pool/main/m/minicom/minicom_2.6.1-1_i386.deb  Nelze se připojit k 192.168.111.2:3142:

++++++++++++++++++++++++++++++++++++++++++++
[10:01:36 29.10.2014]
Čtu seznamy balíků...

++++++++++++++++++++++++++++++++++++++++++++
[10:01:36 29.10.2014]
Vytváří se strom závislostí...

++++++++++++++++++++++++++++++++++++++++++++
[10:01:36 29.10.2014]
Čtu stavové informace...

++++++++++++++++++++++++++++++++++++++++++++
[10:01:37 29.10.2014]
Čtu seznamy balíků...

++++++++++++++++++++++++++++++++++++++++++++
[10:01:37 29.10.2014]
Vytváří se strom závislostí...

++++++++++++++++++++++++++++++++++++++++++++
[10:01:37 29.10.2014]
Čtu stavové informace...

++++++++++++++++++++++++++++++++++++++++++++
[10:01:37 29.10.2014]
0 aktualizováno, 0 nově instalováno, 0 k odstranění a 0 neaktualizováno.

++++++++++++++++++++++++++++++++++++++++++++
[10:01:37 29.10.2014]
Čtu seznamy balíků...

++++++++++++++++++++++++++++++++++++++++++++
[10:01:37 29.10.2014]
Vytváří se strom závislostí...

++++++++++++++++++++++++++++++++++++++++++++
[10:01:37 29.10.2014]
Čtu stavové informace...

++++++++++++++++++++++++++++++++++++++++++++
[10:01:37 29.10.2014]
Balík „anki“ není nainstalován, nelze tedy odstranit

++++++++++++++++++++++++++++++++++++++++++++
[10:01:37 29.10.2014]
0 aktualizováno, 0 nově instalováno, 0 k odstranění a 0 neaktualizováno.

++++++++++++++++++++++++++++++++++++++++++++
[10:01:37 29.10.2014]
Čtu seznamy balíků...

++++++++++++++++++++++++++++++++++++++++++++
[10:01:37 29.10.2014]
Vytváří se strom závislostí...

++++++++++++++++++++++++++++++++++++++++++++
[10:01:37 29.10.2014]
Čtu stavové informace...

++++++++++++++++++++++++++++++++++++++++++++
[10:01:37 29.10.2014]
Balík „mnemosyne“ není nainstalován, nelze tedy odstranit

++++++++++++++++++++++++++++++++++++++++++++
[10:01:37 29.10.2014]
0 aktualizováno, 0 nově instalováno, 0 k odstranění a 0 neaktualizováno.

++++++++++++++++++++++++++++++++++++++++++++
[10:01:37 29.10.2014]
Čtu seznamy balíků...

++++++++++++++++++++++++++++++++++++++++++++
[10:01:37 29.10.2014]
Vytváří se strom závislostí...

++++++++++++++++++++++++++++++++++++++++++++
[10:01:37 29.10.2014]
Čtu stavové informace...

++++++++++++++++++++++++++++++++++++++++++++
[10:01:38 29.10.2014]
Balík „geogebra“ není nainstalován, nelze tedy odstranit

++++++++++++++++++++++++++++++++++++++++++++
[10:01:38 29.10.2014]
0 aktualizováno, 0 nově instalováno, 0 k odstranění a 0 neaktualizováno.

++++++++++++++++++++++++++++++++++++++++++++
[10:01:38 29.10.2014]
Čtu seznamy balíků...

++++++++++++++++++++++++++++++++++++++++++++
[10:01:38 29.10.2014]
Vytváří se strom závislostí...

++++++++++++++++++++++++++++++++++++++++++++
[10:01:38 29.10.2014]
Čtu stavové informace...

++++++++++++++++++++++++++++++++++++++++++++
[10:01:38 29.10.2014]
Balík „wxmaxima“ není nainstalován, nelze tedy odstranit

++++++++++++++++++++++++++++++++++++++++++++
[10:01:38 29.10.2014]
0 aktualizováno, 0 nově instalováno, 0 k odstranění a 0 neaktualizováno.

++++++++++++++++++++++++++++++++++++++++++++
[10:01:38 29.10.2014]
Čtu seznamy balíků...

++++++++++++++++++++++++++++++++++++++++++++
[10:01:38 29.10.2014]
Vytváří se strom závislostí...

++++++++++++++++++++++++++++++++++++++++++++
[10:01:38 29.10.2014]
Čtu stavové informace...

++++++++++++++++++++++++++++++++++++++++++++
[10:01:38 29.10.2014]
Balík „kalgebra“ není nainstalován, nelze tedy odstranit

++++++++++++++++++++++++++++++++++++++++++++
[10:01:38 29.10.2014]
0 aktualizováno, 0 nově instalováno, 0 k odstranění a 0 neaktualizováno.

++++++++++++++++++++++++++++++++++++++++++++
[10:01:38 29.10.2014]
Čtu seznamy balíků...

++++++++++++++++++++++++++++++++++++++++++++
[10:01:38 29.10.2014]
Vytváří se strom závislostí...

++++++++++++++++++++++++++++++++++++++++++++
[10:01:38 29.10.2014]
Čtu stavové informace...

++++++++++++++++++++++++++++++++++++++++++++
[10:01:38 29.10.2014]
Balík „qtoctave“ není nainstalován, nelze tedy odstranit

++++++++++++++++++++++++++++++++++++++++++++
[10:01:38 29.10.2014]
0 aktualizováno, 0 nově instalováno, 0 k odstranění a 0 neaktualizováno.

++++++++++++++++++++++++++++++++++++++++++++
[10:01:38 29.10.2014]
Čtu seznamy balíků...

++++++++++++++++++++++++++++++++++++++++++++
[10:01:38 29.10.2014]
Vytváří se strom závislostí...

++++++++++++++++++++++++++++++++++++++++++++
[10:01:38 29.10.2014]
Čtu stavové informace...

++++++++++++++++++++++++++++++++++++++++++++
[10:01:39 29.10.2014]
Balík „klavaro“ není nainstalován, nelze tedy odstranit

++++++++++++++++++++++++++++++++++++++++++++
[10:01:39 29.10.2014]
0 aktualizováno, 0 nově instalováno, 0 k odstranění a 0 neaktualizováno.

++++++++++++++++++++++++++++++++++++++++++++
[10:01:39 29.10.2014]
Čtu seznamy balíků...

++++++++++++++++++++++++++++++++++++++++++++
[10:01:39 29.10.2014]
Vytváří se strom závislostí...

++++++++++++++++++++++++++++++++++++++++++++
[10:01:39 29.10.2014]
Čtu stavové informace...

++++++++++++++++++++++++++++++++++++++++++++
[10:01:39 29.10.2014]
Balík „ktouch“ není nainstalován, nelze tedy odstranit

++++++++++++++++++++++++++++++++++++++++++++
[10:01:39 29.10.2014]
0 aktualizováno, 0 nově instalováno, 0 k odstranění a 0 neaktualizováno.

++++++++++++++++++++++++++++++++++++++++++++
[10:01:39 29.10.2014]
Čtu seznamy balíků...

++++++++++++++++++++++++++++++++++++++++++++
[10:01:39 29.10.2014]
Vytváří se strom závislostí...

++++++++++++++++++++++++++++++++++++++++++++
[10:01:39 29.10.2014]
Čtu stavové informace...

++++++++++++++++++++++++++++++++++++++++++++
[10:01:39 29.10.2014]
Balík „tuxtype“ není nainstalován, nelze tedy odstranit

++++++++++++++++++++++++++++++++++++++++++++
[10:01:39 29.10.2014]
0 aktualizováno, 0 nově instalováno, 0 k odstranění a 0 neaktualizováno.

++++++++++++++++++++++++++++++++++++++++++++
[10:01:39 29.10.2014]
Čtu seznamy balíků...

++++++++++++++++++++++++++++++++++++++++++++
[10:01:39 29.10.2014]
Vytváří se strom závislostí...

++++++++++++++++++++++++++++++++++++++++++++
[10:01:39 29.10.2014]
Čtu stavové informace...

++++++++++++++++++++++++++++++++++++++++++++
[10:01:39 29.10.2014]
Balík „gpicview“ není nainstalován, nelze tedy odstranit

++++++++++++++++++++++++++++++++++++++++++++
[10:01:39 29.10.2014]
0 aktualizováno, 0 nově instalováno, 0 k odstranění a 0 neaktualizováno.

++++++++++++++++++++++++++++++++++++++++++++
[10:01:39 29.10.2014]
Čtu seznamy balíků...

++++++++++++++++++++++++++++++++++++++++++++
[10:01:40 29.10.2014]
Vytváří se strom závislostí...

++++++++++++++++++++++++++++++++++++++++++++
[10:01:40 29.10.2014]
Čtu stavové informace...

++++++++++++++++++++++++++++++++++++++++++++
[10:01:40 29.10.2014]
Balík „gimp“ není nainstalován, nelze tedy odstranit

++++++++++++++++++++++++++++++++++++++++++++
[10:01:40 29.10.2014]
0 aktualizováno, 0 nově instalováno, 0 k odstranění a 0 neaktualizováno.

++++++++++++++++++++++++++++++++++++++++++++
[10:01:40 29.10.2014]
Čtu seznamy balíků...

++++++++++++++++++++++++++++++++++++++++++++
[10:01:40 29.10.2014]
Vytváří se strom závislostí...

++++++++++++++++++++++++++++++++++++++++++++
[10:01:40 29.10.2014]
Čtu stavové informace...

++++++++++++++++++++++++++++++++++++++++++++
[10:01:40 29.10.2014]
Balík „inkscape“ není nainstalován, nelze tedy odstranit

++++++++++++++++++++++++++++++++++++++++++++
[10:01:40 29.10.2014]
0 aktualizováno, 0 nově instalováno, 0 k odstranění a 0 neaktualizováno.

++++++++++++++++++++++++++++++++++++++++++++
[10:01:40 29.10.2014]
Čtu seznamy balíků...

++++++++++++++++++++++++++++++++++++++++++++
[10:01:40 29.10.2014]
Vytváří se strom závislostí...

++++++++++++++++++++++++++++++++++++++++++++
[10:01:40 29.10.2014]
Čtu stavové informace...

++++++++++++++++++++++++++++++++++++++++++++
[10:01:40 29.10.2014]
Balík „libreoffice“ není nainstalován, nelze tedy odstranit

++++++++++++++++++++++++++++++++++++++++++++
[10:01:40 29.10.2014]
0 aktualizováno, 0 nově instalováno, 0 k odstranění a 0 neaktualizováno.

++++++++++++++++++++++++++++++++++++++++++++
[10:01:40 29.10.2014]
Čtu seznamy balíků...

++++++++++++++++++++++++++++++++++++++++++++
[10:01:40 29.10.2014]
Vytváří se strom závislostí...

++++++++++++++++++++++++++++++++++++++++++++
[10:01:40 29.10.2014]
Čtu stavové informace...

++++++++++++++++++++++++++++++++++++++++++++
[10:01:41 29.10.2014]
Balík „leafpad“ není nainstalován, nelze tedy odstranit

++++++++++++++++++++++++++++++++++++++++++++
[10:01:41 29.10.2014]
0 aktualizováno, 0 nově instalováno, 0 k odstranění a 0 neaktualizováno.

++++++++++++++++++++++++++++++++++++++++++++
[10:01:41 29.10.2014]
Čtu seznamy balíků...

++++++++++++++++++++++++++++++++++++++++++++
[10:01:41 29.10.2014]
Vytváří se strom závislostí...

++++++++++++++++++++++++++++++++++++++++++++
[10:01:41 29.10.2014]
Čtu stavové informace...

++++++++++++++++++++++++++++++++++++++++++++
[10:01:41 29.10.2014]
Balík „qelectrotech“ není nainstalován, nelze tedy odstranit

++++++++++++++++++++++++++++++++++++++++++++
[10:01:41 29.10.2014]
0 aktualizováno, 0 nově instalováno, 0 k odstranění a 0 neaktualizováno.

++++++++++++++++++++++++++++++++++++++++++++
[10:01:41 29.10.2014]
Čtu seznamy balíků...

++++++++++++++++++++++++++++++++++++++++++++
[10:01:41 29.10.2014]
Vytváří se strom závislostí...

++++++++++++++++++++++++++++++++++++++++++++
[10:01:41 29.10.2014]
Čtu stavové informace...

++++++++++++++++++++++++++++++++++++++++++++
[10:01:41 29.10.2014]
Balík „kicad“ není nainstalován, nelze tedy odstranit

++++++++++++++++++++++++++++++++++++++++++++
[10:01:41 29.10.2014]
0 aktualizováno, 0 nově instalováno, 0 k odstranění a 0 neaktualizováno.

++++++++++++++++++++++++++++++++++++++++++++
[10:02:15 29.10.2014]
/proc/mounts already there
++++++++++++++++++++++++++++++++++++++++++++
[10:02:22 29.10.2014]
Čtu seznamy balíků...

++++++++++++++++++++++++++++++++++++++++++++
[10:02:22 29.10.2014]
Vytváří se strom závislostí...

++++++++++++++++++++++++++++++++++++++++++++
[10:02:22 29.10.2014]
Čtu stavové informace...

++++++++++++++++++++++++++++++++++++++++++++
[10:02:22 29.10.2014]
Čtu seznamy balíků...

++++++++++++++++++++++++++++++++++++++++++++
[10:02:22 29.10.2014]
Vytváří se strom závislostí...

++++++++++++++++++++++++++++++++++++++++++++
[10:02:22 29.10.2014]
Čtu stavové informace...

++++++++++++++++++++++++++++++++++++++++++++
[10:02:22 29.10.2014]
0 aktualizováno, 0 nově instalováno, 0 k odstranění a 0 neaktualizováno.

++++++++++++++++++++++++++++++++++++++++++++
[10:02:22 29.10.2014]
Čtu seznamy balíků...

++++++++++++++++++++++++++++++++++++++++++++
[10:02:22 29.10.2014]
Vytváří se strom závislostí...

++++++++++++++++++++++++++++++++++++++++++++
[10:02:22 29.10.2014]
Čtu stavové informace...

++++++++++++++++++++++++++++++++++++++++++++
[10:02:22 29.10.2014]
Následující extra balíky budou instalovány:

++++++++++++++++++++++++++++++++++++++++++++
[10:02:22 29.10.2014]
  putty-tools

++++++++++++++++++++++++++++++++++++++++++++
[10:02:22 29.10.2014]
Navrhované balíky:

++++++++++++++++++++++++++++++++++++++++++++
[10:02:22 29.10.2014]
  putty-doc

++++++++++++++++++++++++++++++++++++++++++++
[10:02:22 29.10.2014]
Následující NOVÉ balíky budou nainstalovány:

++++++++++++++++++++++++++++++++++++++++++++
[10:02:22 29.10.2014]
  putty putty-tools

++++++++++++++++++++++++++++++++++++++++++++
[10:02:22 29.10.2014]
0 aktualizováno, 2 nově instalováno, 0 k odstranění a 0 neaktualizováno.

++++++++++++++++++++++++++++++++++++++++++++
[10:02:22 29.10.2014]
Potřebuji stáhnout 1 048 kB archivů.

++++++++++++++++++++++++++++++++++++++++++++
[10:02:22 29.10.2014]
Po této operaci bude na disku použito dalších 2 275 kB.

++++++++++++++++++++++++++++++++++++++++++++
[10:02:22 29.10.2014]
VAROVÁNÍ: Následující balíky nemohou být autentizovány!

++++++++++++++++++++++++++++++++++++++++++++
[10:02:22 29.10.2014]
  putty-tools putty

++++++++++++++++++++++++++++++++++++++++++++
[10:02:25 29.10.2014]
Autentizační varování potlačeno.

++++++++++++++++++++++++++++++++++++++++++++
[10:02:25 29.10.2014]
Err http://ftp.cz.debian.org/debian/ wheezy/main putty-tools i386 0.62-9+deb7u1

++++++++++++++++++++++++++++++++++++++++++++
[10:02:25 29.10.2014]
  Nelze se připojit k 192.168.111.2:3142 (192.168.111.2). - connect (113: K počítači neexistuje cesta)

++++++++++++++++++++++++++++++++++++++++++++
[10:02:25 29.10.2014]
Err http://ftp.cz.debian.org/debian/ wheezy/main putty i386 0.62-9+deb7u1

++++++++++++++++++++++++++++++++++++++++++++
[10:02:25 29.10.2014]
  Nelze se připojit k 192.168.111.2:3142:

++++++++++++++++++++++++++++++++++++++++++++
[10:02:25 29.10.2014]
Selhalo stažení http://ftp.cz.debian.org/debian/pool/main/p/putty/putty-tools_0.62-9+deb7u1_i386.deb  Nelze se připojit k 192.168.111.2:3142 (192.168.111.2). - connect (113: K počítači neexistuje cesta)

++++++++++++++++++++++++++++++++++++++++++++
[10:02:25 29.10.2014]
Selhalo stažení http://ftp.cz.debian.org/debian/pool/main/p/putty/putty_0.62-9+deb7u1_i386.deb  Nelze se připojit k 192.168.111.2:3142:

++++++++++++++++++++++++++++++++++++++++++++
[10:02:26 29.10.2014]
Čtu seznamy balíků...

++++++++++++++++++++++++++++++++++++++++++++
[10:02:26 29.10.2014]
Vytváří se strom závislostí...

++++++++++++++++++++++++++++++++++++++++++++
[10:02:26 29.10.2014]
Čtu stavové informace...

++++++++++++++++++++++++++++++++++++++++++++
[10:02:26 29.10.2014]
Následující extra balíky budou instalovány:

++++++++++++++++++++++++++++++++++++++++++++
[10:02:26 29.10.2014]
  lrzsz

++++++++++++++++++++++++++++++++++++++++++++
[10:02:26 29.10.2014]
Následující NOVÉ balíky budou nainstalovány:

++++++++++++++++++++++++++++++++++++++++++++
[10:02:26 29.10.2014]
  lrzsz minicom

++++++++++++++++++++++++++++++++++++++++++++
[10:02:26 29.10.2014]
0 aktualizováno, 2 nově instalováno, 0 k odstranění a 0 neaktualizováno.

++++++++++++++++++++++++++++++++++++++++++++
[10:02:26 29.10.2014]
Potřebuji stáhnout 416 kB archivů.

++++++++++++++++++++++++++++++++++++++++++++
[10:02:26 29.10.2014]
Po této operaci bude na disku použito dalších 1 260 kB.

++++++++++++++++++++++++++++++++++++++++++++
[10:02:26 29.10.2014]
VAROVÁNÍ: Následující balíky nemohou být autentizovány!

++++++++++++++++++++++++++++++++++++++++++++
[10:02:26 29.10.2014]
  lrzsz minicom

++++++++++++++++++++++++++++++++++++++++++++
[10:02:28 29.10.2014]
Autentizační varování potlačeno.

++++++++++++++++++++++++++++++++++++++++++++
[10:02:28 29.10.2014]
Err http://ftp.cz.debian.org/debian/ wheezy/main lrzsz i386 0.12.21-5

++++++++++++++++++++++++++++++++++++++++++++
[10:02:28 29.10.2014]
  Nelze se připojit k 192.168.111.2:3142 (192.168.111.2). - connect (113: K počítači neexistuje cesta)

++++++++++++++++++++++++++++++++++++++++++++
[10:02:28 29.10.2014]
Err http://ftp.cz.debian.org/debian/ wheezy/main minicom i386 2.6.1-1

++++++++++++++++++++++++++++++++++++++++++++
[10:02:28 29.10.2014]
  Nelze se připojit k 192.168.111.2:3142:

++++++++++++++++++++++++++++++++++++++++++++
[10:02:28 29.10.2014]
Selhalo stažení http://ftp.cz.debian.org/debian/pool/main/l/lrzsz/lrzsz_0.12.21-5_i386.deb  Nelze se připojit k 192.168.111.2:3142 (192.168.111.2). - connect (113: K počítači neexistuje cesta)

++++++++++++++++++++++++++++++++++++++++++++
[10:02:28 29.10.2014]
Selhalo stažení http://ftp.cz.debian.org/debian/pool/main/m/minicom/minicom_2.6.1-1_i386.deb  Nelze se připojit k 192.168.111.2:3142:

++++++++++++++++++++++++++++++++++++++++++++
[10:02:28 29.10.2014]
E: Nelze stáhnout některé archivy. Možná spusťte apt-get update nebo zkuste --fix-missing?

++++++++++++++++++++++++++++++++++++++++++++
[10:02:29 29.10.2014]
Čtu seznamy balíků...

++++++++++++++++++++++++++++++++++++++++++++
[10:02:29 29.10.2014]
Vytváří se strom závislostí...

++++++++++++++++++++++++++++++++++++++++++++
[10:02:29 29.10.2014]
Čtu stavové informace...

++++++++++++++++++++++++++++++++++++++++++++
[10:02:29 29.10.2014]
Čtu seznamy balíků...

++++++++++++++++++++++++++++++++++++++++++++
[10:02:29 29.10.2014]
Vytváří se strom závislostí...

++++++++++++++++++++++++++++++++++++++++++++
[10:02:29 29.10.2014]
Čtu stavové informace...

++++++++++++++++++++++++++++++++++++++++++++
[10:02:29 29.10.2014]
0 aktualizováno, 0 nově instalováno, 0 k odstranění a 0 neaktualizováno.

++++++++++++++++++++++++++++++++++++++++++++
[10:02:29 29.10.2014]
Čtu seznamy balíků...

++++++++++++++++++++++++++++++++++++++++++++
[10:02:29 29.10.2014]
Vytváří se strom závislostí...

++++++++++++++++++++++++++++++++++++++++++++
[10:02:29 29.10.2014]
Čtu stavové informace...

++++++++++++++++++++++++++++++++++++++++++++
[10:02:29 29.10.2014]
Balík „anki“ není nainstalován, nelze tedy odstranit

++++++++++++++++++++++++++++++++++++++++++++
[10:02:29 29.10.2014]
0 aktualizováno, 0 nově instalováno, 0 k odstranění a 0 neaktualizováno.

++++++++++++++++++++++++++++++++++++++++++++
[10:02:29 29.10.2014]
Čtu seznamy balíků...

++++++++++++++++++++++++++++++++++++++++++++
[10:02:30 29.10.2014]
Vytváří se strom závislostí...

++++++++++++++++++++++++++++++++++++++++++++
[10:02:30 29.10.2014]
Čtu stavové informace...

++++++++++++++++++++++++++++++++++++++++++++
[10:02:30 29.10.2014]
Balík „mnemosyne“ není nainstalován, nelze tedy odstranit

++++++++++++++++++++++++++++++++++++++++++++
[10:02:30 29.10.2014]
0 aktualizováno, 0 nově instalováno, 0 k odstranění a 0 neaktualizováno.

++++++++++++++++++++++++++++++++++++++++++++
[10:02:30 29.10.2014]
Čtu seznamy balíků...

++++++++++++++++++++++++++++++++++++++++++++
[10:02:30 29.10.2014]
Vytváří se strom závislostí...

++++++++++++++++++++++++++++++++++++++++++++
[10:02:30 29.10.2014]
Čtu stavové informace...

++++++++++++++++++++++++++++++++++++++++++++
[10:02:30 29.10.2014]
Balík „geogebra“ není nainstalován, nelze tedy odstranit

++++++++++++++++++++++++++++++++++++++++++++
[10:02:30 29.10.2014]
0 aktualizováno, 0 nově instalováno, 0 k odstranění a 0 neaktualizováno.

++++++++++++++++++++++++++++++++++++++++++++
[10:02:30 29.10.2014]
Čtu seznamy balíků...

++++++++++++++++++++++++++++++++++++++++++++
[10:02:30 29.10.2014]
Vytváří se strom závislostí...

++++++++++++++++++++++++++++++++++++++++++++
[10:02:30 29.10.2014]
Čtu stavové informace...

++++++++++++++++++++++++++++++++++++++++++++
[10:02:30 29.10.2014]
Balík „wxmaxima“ není nainstalován, nelze tedy odstranit

++++++++++++++++++++++++++++++++++++++++++++
[10:02:30 29.10.2014]
0 aktualizováno, 0 nově instalováno, 0 k odstranění a 0 neaktualizováno.

++++++++++++++++++++++++++++++++++++++++++++
[10:02:30 29.10.2014]
Čtu seznamy balíků...

++++++++++++++++++++++++++++++++++++++++++++
[10:02:30 29.10.2014]
Vytváří se strom závislostí...

++++++++++++++++++++++++++++++++++++++++++++
[10:02:30 29.10.2014]
Čtu stavové informace...

++++++++++++++++++++++++++++++++++++++++++++
[10:02:30 29.10.2014]
Balík „kalgebra“ není nainstalován, nelze tedy odstranit

++++++++++++++++++++++++++++++++++++++++++++
[10:02:30 29.10.2014]
0 aktualizováno, 0 nově instalováno, 0 k odstranění a 0 neaktualizováno.

++++++++++++++++++++++++++++++++++++++++++++
[10:02:30 29.10.2014]
Čtu seznamy balíků...

++++++++++++++++++++++++++++++++++++++++++++
[10:02:31 29.10.2014]
Vytváří se strom závislostí...

++++++++++++++++++++++++++++++++++++++++++++
[10:02:31 29.10.2014]
Čtu stavové informace...

++++++++++++++++++++++++++++++++++++++++++++
[10:02:31 29.10.2014]
Balík „qtoctave“ není nainstalován, nelze tedy odstranit

++++++++++++++++++++++++++++++++++++++++++++
[10:02:31 29.10.2014]
0 aktualizováno, 0 nově instalováno, 0 k odstranění a 0 neaktualizováno.

++++++++++++++++++++++++++++++++++++++++++++
[10:02:31 29.10.2014]
Čtu seznamy balíků...

++++++++++++++++++++++++++++++++++++++++++++
[10:02:31 29.10.2014]
Vytváří se strom závislostí...

++++++++++++++++++++++++++++++++++++++++++++
[10:02:31 29.10.2014]
Čtu stavové informace...

++++++++++++++++++++++++++++++++++++++++++++
[10:02:31 29.10.2014]
Balík „klavaro“ není nainstalován, nelze tedy odstranit

++++++++++++++++++++++++++++++++++++++++++++
[10:02:31 29.10.2014]
0 aktualizováno, 0 nově instalováno, 0 k odstranění a 0 neaktualizováno.

++++++++++++++++++++++++++++++++++++++++++++
[10:02:31 29.10.2014]
Čtu seznamy balíků...

++++++++++++++++++++++++++++++++++++++++++++
[10:02:31 29.10.2014]
Vytváří se strom závislostí...

++++++++++++++++++++++++++++++++++++++++++++
[10:02:31 29.10.2014]
Čtu stavové informace...

++++++++++++++++++++++++++++++++++++++++++++
[10:02:31 29.10.2014]
Balík „ktouch“ není nainstalován, nelze tedy odstranit

++++++++++++++++++++++++++++++++++++++++++++
[10:02:31 29.10.2014]
0 aktualizováno, 0 nově instalováno, 0 k odstranění a 0 neaktualizováno.

++++++++++++++++++++++++++++++++++++++++++++
[10:02:31 29.10.2014]
Čtu seznamy balíků...

++++++++++++++++++++++++++++++++++++++++++++
[10:02:31 29.10.2014]
Vytváří se strom závislostí...

++++++++++++++++++++++++++++++++++++++++++++
[10:02:31 29.10.2014]
Čtu stavové informace...

++++++++++++++++++++++++++++++++++++++++++++
[10:02:32 29.10.2014]
Balík „tuxtype“ není nainstalován, nelze tedy odstranit

++++++++++++++++++++++++++++++++++++++++++++
[10:02:32 29.10.2014]
0 aktualizováno, 0 nově instalováno, 0 k odstranění a 0 neaktualizováno.

++++++++++++++++++++++++++++++++++++++++++++
[10:02:32 29.10.2014]
Čtu seznamy balíků...

++++++++++++++++++++++++++++++++++++++++++++
[10:02:32 29.10.2014]
Vytváří se strom závislostí...

++++++++++++++++++++++++++++++++++++++++++++
[10:02:32 29.10.2014]
Čtu stavové informace...

++++++++++++++++++++++++++++++++++++++++++++
[10:02:32 29.10.2014]
Balík „gpicview“ není nainstalován, nelze tedy odstranit

++++++++++++++++++++++++++++++++++++++++++++
[10:02:32 29.10.2014]
0 aktualizováno, 0 nově instalováno, 0 k odstranění a 0 neaktualizováno.

++++++++++++++++++++++++++++++++++++++++++++
[10:02:32 29.10.2014]
Čtu seznamy balíků...

++++++++++++++++++++++++++++++++++++++++++++
[10:02:32 29.10.2014]
Vytváří se strom závislostí...

++++++++++++++++++++++++++++++++++++++++++++
[10:02:32 29.10.2014]
Čtu stavové informace...

++++++++++++++++++++++++++++++++++++++++++++
[10:02:32 29.10.2014]
Balík „gimp“ není nainstalován, nelze tedy odstranit

++++++++++++++++++++++++++++++++++++++++++++
[10:02:32 29.10.2014]
0 aktualizováno, 0 nově instalováno, 0 k odstranění a 0 neaktualizováno.

++++++++++++++++++++++++++++++++++++++++++++
[10:02:32 29.10.2014]
Čtu seznamy balíků...

++++++++++++++++++++++++++++++++++++++++++++
[10:02:32 29.10.2014]
Vytváří se strom závislostí...

++++++++++++++++++++++++++++++++++++++++++++
[10:02:32 29.10.2014]
Čtu stavové informace...

++++++++++++++++++++++++++++++++++++++++++++
[10:02:32 29.10.2014]
Balík „inkscape“ není nainstalován, nelze tedy odstranit

++++++++++++++++++++++++++++++++++++++++++++
[10:02:32 29.10.2014]
0 aktualizováno, 0 nově instalováno, 0 k odstranění a 0 neaktualizováno.

++++++++++++++++++++++++++++++++++++++++++++
[10:02:32 29.10.2014]
Čtu seznamy balíků...

++++++++++++++++++++++++++++++++++++++++++++
[10:02:33 29.10.2014]
Vytváří se strom závislostí...

++++++++++++++++++++++++++++++++++++++++++++
[10:02:33 29.10.2014]
Čtu stavové informace...

++++++++++++++++++++++++++++++++++++++++++++
[10:02:33 29.10.2014]
Balík „libreoffice“ není nainstalován, nelze tedy odstranit

++++++++++++++++++++++++++++++++++++++++++++
[10:02:33 29.10.2014]
0 aktualizováno, 0 nově instalováno, 0 k odstranění a 0 neaktualizováno.

++++++++++++++++++++++++++++++++++++++++++++
[10:02:33 29.10.2014]
Čtu seznamy balíků...

++++++++++++++++++++++++++++++++++++++++++++
[10:02:33 29.10.2014]
Vytváří se strom závislostí...

++++++++++++++++++++++++++++++++++++++++++++
[10:02:33 29.10.2014]
Čtu stavové informace...

++++++++++++++++++++++++++++++++++++++++++++
[10:02:33 29.10.2014]
Balík „leafpad“ není nainstalován, nelze tedy odstranit

++++++++++++++++++++++++++++++++++++++++++++
[10:02:33 29.10.2014]
0 aktualizováno, 0 nově instalováno, 0 k odstranění a 0 neaktualizováno.

++++++++++++++++++++++++++++++++++++++++++++
[10:02:33 29.10.2014]
Čtu seznamy balíků...

++++++++++++++++++++++++++++++++++++++++++++
[10:02:33 29.10.2014]
Vytváří se strom závislostí...

++++++++++++++++++++++++++++++++++++++++++++
[10:02:33 29.10.2014]
Čtu stavové informace...

++++++++++++++++++++++++++++++++++++++++++++
[10:02:33 29.10.2014]
Balík „qelectrotech“ není nainstalován, nelze tedy odstranit

++++++++++++++++++++++++++++++++++++++++++++
[10:02:33 29.10.2014]
0 aktualizováno, 0 nově instalováno, 0 k odstranění a 0 neaktualizováno.

++++++++++++++++++++++++++++++++++++++++++++
[10:02:33 29.10.2014]
Čtu seznamy balíků...

++++++++++++++++++++++++++++++++++++++++++++
[10:02:33 29.10.2014]
Vytváří se strom závislostí...

++++++++++++++++++++++++++++++++++++++++++++
[10:02:33 29.10.2014]
Čtu stavové informace...

++++++++++++++++++++++++++++++++++++++++++++
[10:02:33 29.10.2014]
Balík „kicad“ není nainstalován, nelze tedy odstranit

++++++++++++++++++++++++++++++++++++++++++++
[10:02:33 29.10.2014]
0 aktualizováno, 0 nově instalováno, 0 k odstranění a 0 neaktualizováno.

++++++++++++++++++++++++++++++++++++++++++++
[10:02:50 29.10.2014]
/proc/mounts already there
++++++++++++++++++++++++++++++++++++++++++++
[10:03:06 29.10.2014]
Čtu seznamy balíků...

++++++++++++++++++++++++++++++++++++++++++++
[10:03:06 29.10.2014]
Vytváří se strom závislostí...

++++++++++++++++++++++++++++++++++++++++++++
[10:03:06 29.10.2014]
Čtu stavové informace...

++++++++++++++++++++++++++++++++++++++++++++
[10:03:06 29.10.2014]
Čtu seznamy balíků...

++++++++++++++++++++++++++++++++++++++++++++
[10:03:06 29.10.2014]
Vytváří se strom závislostí...

++++++++++++++++++++++++++++++++++++++++++++
[10:03:06 29.10.2014]
Čtu stavové informace...

++++++++++++++++++++++++++++++++++++++++++++
[10:03:07 29.10.2014]
0 aktualizováno, 0 nově instalováno, 0 k odstranění a 0 neaktualizováno.

++++++++++++++++++++++++++++++++++++++++++++
[10:03:07 29.10.2014]
Čtu seznamy balíků...

++++++++++++++++++++++++++++++++++++++++++++
[10:03:07 29.10.2014]
Vytváří se strom závislostí...

++++++++++++++++++++++++++++++++++++++++++++
[10:03:07 29.10.2014]
Čtu stavové informace...

++++++++++++++++++++++++++++++++++++++++++++
[10:03:07 29.10.2014]
Následující extra balíky budou instalovány:

++++++++++++++++++++++++++++++++++++++++++++
[10:03:07 29.10.2014]
  putty-tools

++++++++++++++++++++++++++++++++++++++++++++
[10:03:07 29.10.2014]
Navrhované balíky:

++++++++++++++++++++++++++++++++++++++++++++
[10:03:07 29.10.2014]
  putty-doc

++++++++++++++++++++++++++++++++++++++++++++
[10:03:07 29.10.2014]
Následující NOVÉ balíky budou nainstalovány:

++++++++++++++++++++++++++++++++++++++++++++
[10:03:07 29.10.2014]
  putty putty-tools

++++++++++++++++++++++++++++++++++++++++++++
[10:03:07 29.10.2014]
0 aktualizováno, 2 nově instalováno, 0 k odstranění a 0 neaktualizováno.

++++++++++++++++++++++++++++++++++++++++++++
[10:03:07 29.10.2014]
Potřebuji stáhnout 1 048 kB archivů.

++++++++++++++++++++++++++++++++++++++++++++
[10:03:07 29.10.2014]
Po této operaci bude na disku použito dalších 2 275 kB.

++++++++++++++++++++++++++++++++++++++++++++
[10:03:07 29.10.2014]
VAROVÁNÍ: Následující balíky nemohou být autentizovány!

++++++++++++++++++++++++++++++++++++++++++++
[10:03:07 29.10.2014]
  putty-tools putty

++++++++++++++++++++++++++++++++++++++++++++
[10:03:10 29.10.2014]
Autentizační varování potlačeno.

++++++++++++++++++++++++++++++++++++++++++++
[10:03:10 29.10.2014]
Err http://ftp.cz.debian.org/debian/ wheezy/main putty-tools i386 0.62-9+deb7u1

++++++++++++++++++++++++++++++++++++++++++++
[10:03:10 29.10.2014]
  Nelze se připojit k 192.168.111.2:3142 (192.168.111.2). - connect (113: K počítači neexistuje cesta)

++++++++++++++++++++++++++++++++++++++++++++
[10:03:10 29.10.2014]
Err http://ftp.cz.debian.org/debian/ wheezy/main putty i386 0.62-9+deb7u1

++++++++++++++++++++++++++++++++++++++++++++
[10:03:10 29.10.2014]
  Nelze se připojit k 192.168.111.2:3142:

++++++++++++++++++++++++++++++++++++++++++++
[10:03:10 29.10.2014]
Selhalo stažení http://ftp.cz.debian.org/debian/pool/main/p/putty/putty-tools_0.62-9+deb7u1_i386.deb  Nelze se připojit k 192.168.111.2:3142 (192.168.111.2). - connect (113: K počítači neexistuje cesta)

++++++++++++++++++++++++++++++++++++++++++++
[10:03:10 29.10.2014]
Selhalo stažení http://ftp.cz.debian.org/debian/pool/main/p/putty/putty_0.62-9+deb7u1_i386.deb  Nelze se připojit k 192.168.111.2:3142:

++++++++++++++++++++++++++++++++++++++++++++
[10:03:10 29.10.2014]
Čtu seznamy balíků...

++++++++++++++++++++++++++++++++++++++++++++
[10:03:10 29.10.2014]
Vytváří se strom závislostí...

++++++++++++++++++++++++++++++++++++++++++++
[10:03:10 29.10.2014]
Čtu stavové informace...

++++++++++++++++++++++++++++++++++++++++++++
[10:03:10 29.10.2014]
Následující extra balíky budou instalovány:

++++++++++++++++++++++++++++++++++++++++++++
[10:03:10 29.10.2014]
  lrzsz

++++++++++++++++++++++++++++++++++++++++++++
[10:03:10 29.10.2014]
Následující NOVÉ balíky budou nainstalovány:

++++++++++++++++++++++++++++++++++++++++++++
[10:03:10 29.10.2014]
  lrzsz minicom

++++++++++++++++++++++++++++++++++++++++++++
[10:03:10 29.10.2014]
0 aktualizováno, 2 nově instalováno, 0 k odstranění a 0 neaktualizováno.

++++++++++++++++++++++++++++++++++++++++++++
[10:03:10 29.10.2014]
Potřebuji stáhnout 416 kB archivů.

++++++++++++++++++++++++++++++++++++++++++++
[10:03:10 29.10.2014]
Po této operaci bude na disku použito dalších 1 260 kB.

++++++++++++++++++++++++++++++++++++++++++++
[10:03:10 29.10.2014]
VAROVÁNÍ: Následující balíky nemohou být autentizovány!

++++++++++++++++++++++++++++++++++++++++++++
[10:03:10 29.10.2014]
  lrzsz minicom

++++++++++++++++++++++++++++++++++++++++++++
[10:03:13 29.10.2014]
Autentizační varování potlačeno.

++++++++++++++++++++++++++++++++++++++++++++
[10:03:13 29.10.2014]
Err http://ftp.cz.debian.org/debian/ wheezy/main lrzsz i386 0.12.21-5

++++++++++++++++++++++++++++++++++++++++++++
[10:03:13 29.10.2014]
  Nelze se připojit k 192.168.111.2:3142 (192.168.111.2). - connect (113: K počítači neexistuje cesta)

++++++++++++++++++++++++++++++++++++++++++++
[10:03:13 29.10.2014]
Err http://ftp.cz.debian.org/debian/ wheezy/main minicom i386 2.6.1-1

++++++++++++++++++++++++++++++++++++++++++++
[10:03:13 29.10.2014]
  Nelze se připojit k 192.168.111.2:3142:

++++++++++++++++++++++++++++++++++++++++++++
[10:03:13 29.10.2014]
Selhalo stažení http://ftp.cz.debian.org/debian/pool/main/l/lrzsz/lrzsz_0.12.21-5_i386.deb  Nelze se připojit k 192.168.111.2:3142 (192.168.111.2). - connect (113: K počítači neexistuje cesta)

++++++++++++++++++++++++++++++++++++++++++++
[10:03:13 29.10.2014]
Selhalo stažení http://ftp.cz.debian.org/debian/pool/main/m/minicom/minicom_2.6.1-1_i386.deb  Nelze se připojit k 192.168.111.2:3142:

++++++++++++++++++++++++++++++++++++++++++++
[10:03:13 29.10.2014]
Čtu seznamy balíků...

++++++++++++++++++++++++++++++++++++++++++++
[10:03:13 29.10.2014]
Vytváří se strom závislostí...

++++++++++++++++++++++++++++++++++++++++++++
[10:03:13 29.10.2014]
Čtu stavové informace...

++++++++++++++++++++++++++++++++++++++++++++
[10:03:13 29.10.2014]
Čtu seznamy balíků...

++++++++++++++++++++++++++++++++++++++++++++
[10:03:13 29.10.2014]
Vytváří se strom závislostí...

++++++++++++++++++++++++++++++++++++++++++++
[10:03:13 29.10.2014]
Čtu stavové informace...

++++++++++++++++++++++++++++++++++++++++++++
[10:03:14 29.10.2014]
0 aktualizováno, 0 nově instalováno, 0 k odstranění a 0 neaktualizováno.

++++++++++++++++++++++++++++++++++++++++++++
[10:03:14 29.10.2014]
Čtu seznamy balíků...

++++++++++++++++++++++++++++++++++++++++++++
[10:03:14 29.10.2014]
Vytváří se strom závislostí...

++++++++++++++++++++++++++++++++++++++++++++
[10:03:14 29.10.2014]
Čtu stavové informace...

++++++++++++++++++++++++++++++++++++++++++++
[10:03:14 29.10.2014]
Balík „anki“ není nainstalován, nelze tedy odstranit

++++++++++++++++++++++++++++++++++++++++++++
[10:03:14 29.10.2014]
0 aktualizováno, 0 nově instalováno, 0 k odstranění a 0 neaktualizováno.

++++++++++++++++++++++++++++++++++++++++++++
[10:03:14 29.10.2014]
Čtu seznamy balíků...

++++++++++++++++++++++++++++++++++++++++++++
[10:03:14 29.10.2014]
Vytváří se strom závislostí...

++++++++++++++++++++++++++++++++++++++++++++
[10:03:14 29.10.2014]
Čtu stavové informace...

++++++++++++++++++++++++++++++++++++++++++++
[10:03:14 29.10.2014]
Balík „mnemosyne“ není nainstalován, nelze tedy odstranit

++++++++++++++++++++++++++++++++++++++++++++
[10:03:14 29.10.2014]
0 aktualizováno, 0 nově instalováno, 0 k odstranění a 0 neaktualizováno.

++++++++++++++++++++++++++++++++++++++++++++
[10:03:14 29.10.2014]
Čtu seznamy balíků...

++++++++++++++++++++++++++++++++++++++++++++
[10:03:14 29.10.2014]
Vytváří se strom závislostí...

++++++++++++++++++++++++++++++++++++++++++++
[10:03:14 29.10.2014]
Čtu stavové informace...

++++++++++++++++++++++++++++++++++++++++++++
[10:03:14 29.10.2014]
Balík „geogebra“ není nainstalován, nelze tedy odstranit

++++++++++++++++++++++++++++++++++++++++++++
[10:03:14 29.10.2014]
0 aktualizováno, 0 nově instalováno, 0 k odstranění a 0 neaktualizováno.

++++++++++++++++++++++++++++++++++++++++++++
[10:03:14 29.10.2014]
Čtu seznamy balíků...

++++++++++++++++++++++++++++++++++++++++++++
[10:03:14 29.10.2014]
Vytváří se strom závislostí...

++++++++++++++++++++++++++++++++++++++++++++
[10:03:14 29.10.2014]
Čtu stavové informace...

++++++++++++++++++++++++++++++++++++++++++++
[10:03:15 29.10.2014]
Balík „wxmaxima“ není nainstalován, nelze tedy odstranit

++++++++++++++++++++++++++++++++++++++++++++
[10:03:15 29.10.2014]
0 aktualizováno, 0 nově instalováno, 0 k odstranění a 0 neaktualizováno.

++++++++++++++++++++++++++++++++++++++++++++
[10:03:15 29.10.2014]
Čtu seznamy balíků...

++++++++++++++++++++++++++++++++++++++++++++
[10:03:15 29.10.2014]
Vytváří se strom závislostí...

++++++++++++++++++++++++++++++++++++++++++++
[10:03:15 29.10.2014]
Čtu stavové informace...

++++++++++++++++++++++++++++++++++++++++++++
[10:03:15 29.10.2014]
Balík „kalgebra“ není nainstalován, nelze tedy odstranit

++++++++++++++++++++++++++++++++++++++++++++
[10:03:15 29.10.2014]
0 aktualizováno, 0 nově instalováno, 0 k odstranění a 0 neaktualizováno.

++++++++++++++++++++++++++++++++++++++++++++
[10:03:15 29.10.2014]
Čtu seznamy balíků...

++++++++++++++++++++++++++++++++++++++++++++
[10:03:15 29.10.2014]
Vytváří se strom závislostí...

++++++++++++++++++++++++++++++++++++++++++++
[10:03:15 29.10.2014]
Čtu stavové informace...

++++++++++++++++++++++++++++++++++++++++++++
[10:03:15 29.10.2014]
Balík „qtoctave“ není nainstalován, nelze tedy odstranit

++++++++++++++++++++++++++++++++++++++++++++
[10:03:15 29.10.2014]
0 aktualizováno, 0 nově instalováno, 0 k odstranění a 0 neaktualizováno.

++++++++++++++++++++++++++++++++++++++++++++
[10:03:15 29.10.2014]
Čtu seznamy balíků...

++++++++++++++++++++++++++++++++++++++++++++
[10:03:15 29.10.2014]
Vytváří se strom závislostí...

++++++++++++++++++++++++++++++++++++++++++++
[10:03:15 29.10.2014]
Čtu stavové informace...

++++++++++++++++++++++++++++++++++++++++++++
[10:03:15 29.10.2014]
Balík „klavaro“ není nainstalován, nelze tedy odstranit

++++++++++++++++++++++++++++++++++++++++++++
[10:03:15 29.10.2014]
0 aktualizováno, 0 nově instalováno, 0 k odstranění a 0 neaktualizováno.

++++++++++++++++++++++++++++++++++++++++++++
[10:03:15 29.10.2014]
Čtu seznamy balíků...

++++++++++++++++++++++++++++++++++++++++++++
[10:03:16 29.10.2014]
Vytváří se strom závislostí...

++++++++++++++++++++++++++++++++++++++++++++
[10:03:16 29.10.2014]
Čtu stavové informace...

++++++++++++++++++++++++++++++++++++++++++++
[10:03:16 29.10.2014]
Balík „ktouch“ není nainstalován, nelze tedy odstranit

++++++++++++++++++++++++++++++++++++++++++++
[10:03:16 29.10.2014]
0 aktualizováno, 0 nově instalováno, 0 k odstranění a 0 neaktualizováno.

++++++++++++++++++++++++++++++++++++++++++++
[10:03:16 29.10.2014]
Čtu seznamy balíků...

++++++++++++++++++++++++++++++++++++++++++++
[10:03:16 29.10.2014]
Vytváří se strom závislostí...

++++++++++++++++++++++++++++++++++++++++++++
[10:03:16 29.10.2014]
Čtu stavové informace...

++++++++++++++++++++++++++++++++++++++++++++
[10:03:16 29.10.2014]
Balík „tuxtype“ není nainstalován, nelze tedy odstranit

++++++++++++++++++++++++++++++++++++++++++++
[10:03:16 29.10.2014]
0 aktualizováno, 0 nově instalováno, 0 k odstranění a 0 neaktualizováno.

++++++++++++++++++++++++++++++++++++++++++++
[10:03:16 29.10.2014]
Čtu seznamy balíků...

++++++++++++++++++++++++++++++++++++++++++++
[10:03:16 29.10.2014]
Vytváří se strom závislostí...

++++++++++++++++++++++++++++++++++++++++++++
[10:03:16 29.10.2014]
Čtu stavové informace...

++++++++++++++++++++++++++++++++++++++++++++
[10:03:16 29.10.2014]
Balík „gpicview“ není nainstalován, nelze tedy odstranit

++++++++++++++++++++++++++++++++++++++++++++
[10:03:16 29.10.2014]
0 aktualizováno, 0 nově instalováno, 0 k odstranění a 0 neaktualizováno.

++++++++++++++++++++++++++++++++++++++++++++
[10:03:16 29.10.2014]
Čtu seznamy balíků...

++++++++++++++++++++++++++++++++++++++++++++
[10:03:16 29.10.2014]
Vytváří se strom závislostí...

++++++++++++++++++++++++++++++++++++++++++++
[10:03:16 29.10.2014]
Čtu stavové informace...

++++++++++++++++++++++++++++++++++++++++++++
[10:03:16 29.10.2014]
Balík „gimp“ není nainstalován, nelze tedy odstranit

++++++++++++++++++++++++++++++++++++++++++++
[10:03:16 29.10.2014]
0 aktualizováno, 0 nově instalováno, 0 k odstranění a 0 neaktualizováno.

++++++++++++++++++++++++++++++++++++++++++++
[10:03:16 29.10.2014]
Čtu seznamy balíků...

++++++++++++++++++++++++++++++++++++++++++++
[10:03:17 29.10.2014]
Vytváří se strom závislostí...

++++++++++++++++++++++++++++++++++++++++++++
[10:03:17 29.10.2014]
Čtu stavové informace...

++++++++++++++++++++++++++++++++++++++++++++
[10:03:17 29.10.2014]
Balík „inkscape“ není nainstalován, nelze tedy odstranit

++++++++++++++++++++++++++++++++++++++++++++
[10:03:17 29.10.2014]
0 aktualizováno, 0 nově instalováno, 0 k odstranění a 0 neaktualizováno.

++++++++++++++++++++++++++++++++++++++++++++
[10:03:17 29.10.2014]
Čtu seznamy balíků...

++++++++++++++++++++++++++++++++++++++++++++
[10:03:17 29.10.2014]
Vytváří se strom závislostí...

++++++++++++++++++++++++++++++++++++++++++++
[10:03:17 29.10.2014]
Čtu stavové informace...

++++++++++++++++++++++++++++++++++++++++++++
[10:03:17 29.10.2014]
Balík „libreoffice“ není nainstalován, nelze tedy odstranit

++++++++++++++++++++++++++++++++++++++++++++
[10:03:17 29.10.2014]
0 aktualizováno, 0 nově instalováno, 0 k odstranění a 0 neaktualizováno.

++++++++++++++++++++++++++++++++++++++++++++
[10:03:17 29.10.2014]
Čtu seznamy balíků...

++++++++++++++++++++++++++++++++++++++++++++
[10:03:17 29.10.2014]
Vytváří se strom závislostí...

++++++++++++++++++++++++++++++++++++++++++++
[10:03:17 29.10.2014]
Čtu stavové informace...

++++++++++++++++++++++++++++++++++++++++++++
[10:03:17 29.10.2014]
Balík „leafpad“ není nainstalován, nelze tedy odstranit

++++++++++++++++++++++++++++++++++++++++++++
[10:03:17 29.10.2014]
0 aktualizováno, 0 nově instalováno, 0 k odstranění a 0 neaktualizováno.

++++++++++++++++++++++++++++++++++++++++++++
[10:03:17 29.10.2014]
Čtu seznamy balíků...

++++++++++++++++++++++++++++++++++++++++++++
[10:03:17 29.10.2014]
Vytváří se strom závislostí...

++++++++++++++++++++++++++++++++++++++++++++
[10:03:17 29.10.2014]
Čtu stavové informace...

++++++++++++++++++++++++++++++++++++++++++++
[10:03:18 29.10.2014]
Balík „qelectrotech“ není nainstalován, nelze tedy odstranit

++++++++++++++++++++++++++++++++++++++++++++
[10:03:18 29.10.2014]
0 aktualizováno, 0 nově instalováno, 0 k odstranění a 0 neaktualizováno.

++++++++++++++++++++++++++++++++++++++++++++
[10:03:18 29.10.2014]
Čtu seznamy balíků...

++++++++++++++++++++++++++++++++++++++++++++
[10:03:18 29.10.2014]
Vytváří se strom závislostí...

++++++++++++++++++++++++++++++++++++++++++++
[10:03:18 29.10.2014]
Čtu stavové informace...

++++++++++++++++++++++++++++++++++++++++++++
[10:03:18 29.10.2014]
Balík „kicad“ není nainstalován, nelze tedy odstranit

++++++++++++++++++++++++++++++++++++++++++++
[10:03:18 29.10.2014]
0 aktualizováno, 0 nově instalováno, 0 k odstranění a 0 neaktualizováno.

++++++++++++++++++++++++++++++++++++++++++++
[10:03:49 29.10.2014]
/proc/mounts already there
++++++++++++++++++++++++++++++++++++++++++++
[10:03:53 29.10.2014]
Čtu seznamy balíků...

++++++++++++++++++++++++++++++++++++++++++++
[10:03:53 29.10.2014]
Vytváří se strom závislostí...

++++++++++++++++++++++++++++++++++++++++++++
[10:03:53 29.10.2014]
Čtu stavové informace...

++++++++++++++++++++++++++++++++++++++++++++
[10:03:53 29.10.2014]
Čtu seznamy balíků...

++++++++++++++++++++++++++++++++++++++++++++
[10:03:53 29.10.2014]
Vytváří se strom závislostí...

++++++++++++++++++++++++++++++++++++++++++++
[10:03:53 29.10.2014]
Čtu stavové informace...

++++++++++++++++++++++++++++++++++++++++++++
[10:03:53 29.10.2014]
0 aktualizováno, 0 nově instalováno, 0 k odstranění a 0 neaktualizováno.

++++++++++++++++++++++++++++++++++++++++++++
[10:03:53 29.10.2014]
Čtu seznamy balíků...

++++++++++++++++++++++++++++++++++++++++++++
[10:03:53 29.10.2014]
Vytváří se strom závislostí...

++++++++++++++++++++++++++++++++++++++++++++
[10:03:53 29.10.2014]
Čtu stavové informace...

++++++++++++++++++++++++++++++++++++++++++++
[10:03:53 29.10.2014]
Následující extra balíky budou instalovány:

++++++++++++++++++++++++++++++++++++++++++++
[10:03:53 29.10.2014]
  putty-tools

++++++++++++++++++++++++++++++++++++++++++++
[10:03:53 29.10.2014]
Navrhované balíky:

++++++++++++++++++++++++++++++++++++++++++++
[10:03:53 29.10.2014]
  putty-doc

++++++++++++++++++++++++++++++++++++++++++++
[10:03:53 29.10.2014]
Následující NOVÉ balíky budou nainstalovány:

++++++++++++++++++++++++++++++++++++++++++++
[10:03:53 29.10.2014]
  putty putty-tools

++++++++++++++++++++++++++++++++++++++++++++
[10:03:54 29.10.2014]
0 aktualizováno, 2 nově instalováno, 0 k odstranění a 0 neaktualizováno.

++++++++++++++++++++++++++++++++++++++++++++
[10:03:54 29.10.2014]
Potřebuji stáhnout 1 048 kB archivů.

++++++++++++++++++++++++++++++++++++++++++++
[10:03:54 29.10.2014]
Po této operaci bude na disku použito dalších 2 275 kB.

++++++++++++++++++++++++++++++++++++++++++++
[10:03:54 29.10.2014]
VAROVÁNÍ: Následující balíky nemohou být autentizovány!

++++++++++++++++++++++++++++++++++++++++++++
[10:03:54 29.10.2014]
  putty-tools putty

++++++++++++++++++++++++++++++++++++++++++++
[10:04:19 29.10.2014]
Autentizační varování potlačeno.

++++++++++++++++++++++++++++++++++++++++++++
[10:04:19 29.10.2014]
Err http://ftp.cz.debian.org/debian/ wheezy/main putty-tools i386 0.62-9+deb7u1

++++++++++++++++++++++++++++++++++++++++++++
[10:04:19 29.10.2014]
  Nelze přeložit „ftp.cz.debian.org“

++++++++++++++++++++++++++++++++++++++++++++
[10:04:19 29.10.2014]
Err http://ftp.cz.debian.org/debian/ wheezy/main putty i386 0.62-9+deb7u1

++++++++++++++++++++++++++++++++++++++++++++
[10:04:19 29.10.2014]
  Nelze přeložit „ftp.cz.debian.org“

++++++++++++++++++++++++++++++++++++++++++++
[10:04:19 29.10.2014]
Selhalo stažení http://ftp.cz.debian.org/debian/pool/main/p/putty/putty-tools_0.62-9+deb7u1_i386.deb  Nelze přeložit „ftp.cz.debian.org“

++++++++++++++++++++++++++++++++++++++++++++
[10:04:19 29.10.2014]
Selhalo stažení http://ftp.cz.debian.org/debian/pool/main/p/putty/putty_0.62-9+deb7u1_i386.deb  Nelze přeložit „ftp.cz.debian.org“

++++++++++++++++++++++++++++++++++++++++++++
[10:04:19 29.10.2014]
Čtu seznamy balíků...

++++++++++++++++++++++++++++++++++++++++++++
[10:04:19 29.10.2014]
Vytváří se strom závislostí...

++++++++++++++++++++++++++++++++++++++++++++
[10:04:19 29.10.2014]
Čtu stavové informace...

++++++++++++++++++++++++++++++++++++++++++++
[10:04:19 29.10.2014]
Následující extra balíky budou instalovány:

++++++++++++++++++++++++++++++++++++++++++++
[10:04:19 29.10.2014]
  lrzsz

++++++++++++++++++++++++++++++++++++++++++++
[10:04:19 29.10.2014]
Následující NOVÉ balíky budou nainstalovány:

++++++++++++++++++++++++++++++++++++++++++++
[10:04:19 29.10.2014]
  lrzsz minicom

++++++++++++++++++++++++++++++++++++++++++++
[10:04:19 29.10.2014]
0 aktualizováno, 2 nově instalováno, 0 k odstranění a 0 neaktualizováno.

++++++++++++++++++++++++++++++++++++++++++++
[10:04:19 29.10.2014]
Potřebuji stáhnout 416 kB archivů.

++++++++++++++++++++++++++++++++++++++++++++
[10:04:19 29.10.2014]
Po této operaci bude na disku použito dalších 1 260 kB.

++++++++++++++++++++++++++++++++++++++++++++
[10:04:19 29.10.2014]
VAROVÁNÍ: Následující balíky nemohou být autentizovány!

++++++++++++++++++++++++++++++++++++++++++++
[10:04:19 29.10.2014]
  lrzsz minicom

++++++++++++++++++++++++++++++++++++++++++++
[10:04:34 29.10.2014]
Autentizační varování potlačeno.

++++++++++++++++++++++++++++++++++++++++++++
[10:04:34 29.10.2014]
Mám:1 http://ftp.cz.debian.org/debian/ wheezy/main lrzsz i386 0.12.21-5 [101 kB]

++++++++++++++++++++++++++++++++++++++++++++
[10:04:34 29.10.2014]
Mám:2 http://ftp.cz.debian.org/debian/ wheezy/main minicom i386 2.6.1-1 [315 kB]

++++++++++++++++++++++++++++++++++++++++++++
[10:04:35 29.10.2014]
Staženo 416 kB za 15s (27,3 kB/s)

++++++++++++++++++++++++++++++++++++++++++++
[10:04:35 29.10.2014]
Nelze zapsat log, volání openpty() selhalo (/dev/pts není připojen?)

++++++++++++++++++++++++++++++++++++++++++++
[10:04:35 29.10.2014]
Vybírám dosud nevybraný balík lrzsz.

++++++++++++++++++++++++++++++++++++++++++++
[10:04:35 29.10.2014]
(Čtu databázi … nyní je nainstalováno 45631 souborů a adresářů.)

++++++++++++++++++++++++++++++++++++++++++++
[10:04:35 29.10.2014]
Rozbaluji lrzsz (z …/lrzsz_0.12.21-5_i386.deb) …

++++++++++++++++++++++++++++++++++++++++++++
[10:04:35 29.10.2014]
Vybírám dosud nevybraný balík minicom.

++++++++++++++++++++++++++++++++++++++++++++
[10:04:35 29.10.2014]
Rozbaluji minicom (z …/minicom_2.6.1-1_i386.deb) …

++++++++++++++++++++++++++++++++++++++++++++
[10:04:35 29.10.2014]
Zpracování spouštěčů pro balík man-db …

++++++++++++++++++++++++++++++++++++++++++++
[10:04:36 29.10.2014]
Nelze zapsat log, volání openpty() selhalo (/dev/pts není připojen?)

++++++++++++++++++++++++++++++++++++++++++++
[10:04:36 29.10.2014]
Nastavuji balík lrzsz (0.12.21-5) …

++++++++++++++++++++++++++++++++++++++++++++
[10:04:36 29.10.2014]
Nastavuji balík minicom (2.6.1-1) …

++++++++++++++++++++++++++++++++++++++++++++
[10:04:36 29.10.2014]
Čtu seznamy balíků...

++++++++++++++++++++++++++++++++++++++++++++
[10:04:36 29.10.2014]
Vytváří se strom závislostí...

++++++++++++++++++++++++++++++++++++++++++++
[10:04:36 29.10.2014]
Čtu stavové informace...

++++++++++++++++++++++++++++++++++++++++++++
[10:04:36 29.10.2014]
Čtu seznamy balíků...

++++++++++++++++++++++++++++++++++++++++++++
[10:04:36 29.10.2014]
Vytváří se strom závislostí...

++++++++++++++++++++++++++++++++++++++++++++
[10:04:36 29.10.2014]
Čtu stavové informace...

++++++++++++++++++++++++++++++++++++++++++++
[10:04:36 29.10.2014]
0 aktualizováno, 0 nově instalováno, 0 k odstranění a 0 neaktualizováno.

++++++++++++++++++++++++++++++++++++++++++++
[10:04:36 29.10.2014]
Čtu seznamy balíků...

++++++++++++++++++++++++++++++++++++++++++++
[10:04:37 29.10.2014]
Vytváří se strom závislostí...

++++++++++++++++++++++++++++++++++++++++++++
[10:04:37 29.10.2014]
Čtu stavové informace...

++++++++++++++++++++++++++++++++++++++++++++
[10:04:37 29.10.2014]
Balík „anki“ není nainstalován, nelze tedy odstranit

++++++++++++++++++++++++++++++++++++++++++++
[10:04:37 29.10.2014]
0 aktualizováno, 0 nově instalováno, 0 k odstranění a 0 neaktualizováno.

++++++++++++++++++++++++++++++++++++++++++++
[10:04:37 29.10.2014]
Čtu seznamy balíků...

++++++++++++++++++++++++++++++++++++++++++++
[10:04:37 29.10.2014]
Vytváří se strom závislostí...

++++++++++++++++++++++++++++++++++++++++++++
[10:04:37 29.10.2014]
Čtu stavové informace...

++++++++++++++++++++++++++++++++++++++++++++
[10:04:37 29.10.2014]
Balík „mnemosyne“ není nainstalován, nelze tedy odstranit

++++++++++++++++++++++++++++++++++++++++++++
[10:04:37 29.10.2014]
0 aktualizováno, 0 nově instalováno, 0 k odstranění a 0 neaktualizováno.

++++++++++++++++++++++++++++++++++++++++++++
[10:04:37 29.10.2014]
Čtu seznamy balíků...

++++++++++++++++++++++++++++++++++++++++++++
[10:04:37 29.10.2014]
Vytváří se strom závislostí...

++++++++++++++++++++++++++++++++++++++++++++
[10:04:37 29.10.2014]
Čtu stavové informace...

++++++++++++++++++++++++++++++++++++++++++++
[10:04:37 29.10.2014]
Balík „geogebra“ není nainstalován, nelze tedy odstranit

++++++++++++++++++++++++++++++++++++++++++++
[10:04:37 29.10.2014]
0 aktualizováno, 0 nově instalováno, 0 k odstranění a 0 neaktualizováno.

++++++++++++++++++++++++++++++++++++++++++++
[10:04:37 29.10.2014]
Čtu seznamy balíků...

++++++++++++++++++++++++++++++++++++++++++++
[10:04:37 29.10.2014]
Vytváří se strom závislostí...

++++++++++++++++++++++++++++++++++++++++++++
[10:04:37 29.10.2014]
Čtu stavové informace...

++++++++++++++++++++++++++++++++++++++++++++
[10:04:37 29.10.2014]
Balík „wxmaxima“ není nainstalován, nelze tedy odstranit

++++++++++++++++++++++++++++++++++++++++++++
[10:04:37 29.10.2014]
0 aktualizováno, 0 nově instalováno, 0 k odstranění a 0 neaktualizováno.

++++++++++++++++++++++++++++++++++++++++++++
[10:04:37 29.10.2014]
Čtu seznamy balíků...

++++++++++++++++++++++++++++++++++++++++++++
[10:04:38 29.10.2014]
Vytváří se strom závislostí...

++++++++++++++++++++++++++++++++++++++++++++
[10:04:38 29.10.2014]
Čtu stavové informace...

++++++++++++++++++++++++++++++++++++++++++++
[10:04:38 29.10.2014]
Balík „kalgebra“ není nainstalován, nelze tedy odstranit

++++++++++++++++++++++++++++++++++++++++++++
[10:04:38 29.10.2014]
0 aktualizováno, 0 nově instalováno, 0 k odstranění a 0 neaktualizováno.

++++++++++++++++++++++++++++++++++++++++++++
[10:04:38 29.10.2014]
Čtu seznamy balíků...

++++++++++++++++++++++++++++++++++++++++++++
[10:04:38 29.10.2014]
Vytváří se strom závislostí...

++++++++++++++++++++++++++++++++++++++++++++
[10:04:38 29.10.2014]
Čtu stavové informace...

++++++++++++++++++++++++++++++++++++++++++++
[10:04:38 29.10.2014]
Balík „qtoctave“ není nainstalován, nelze tedy odstranit

++++++++++++++++++++++++++++++++++++++++++++
[10:04:38 29.10.2014]
0 aktualizováno, 0 nově instalováno, 0 k odstranění a 0 neaktualizováno.

++++++++++++++++++++++++++++++++++++++++++++
[10:04:38 29.10.2014]
Čtu seznamy balíků...

++++++++++++++++++++++++++++++++++++++++++++
[10:04:38 29.10.2014]
Vytváří se strom závislostí...

++++++++++++++++++++++++++++++++++++++++++++
[10:04:38 29.10.2014]
Čtu stavové informace...

++++++++++++++++++++++++++++++++++++++++++++
[10:04:38 29.10.2014]
Balík „klavaro“ není nainstalován, nelze tedy odstranit

++++++++++++++++++++++++++++++++++++++++++++
[10:04:38 29.10.2014]
0 aktualizováno, 0 nově instalováno, 0 k odstranění a 0 neaktualizováno.

++++++++++++++++++++++++++++++++++++++++++++
[10:04:38 29.10.2014]
Čtu seznamy balíků...

++++++++++++++++++++++++++++++++++++++++++++
[10:04:38 29.10.2014]
Vytváří se strom závislostí...

++++++++++++++++++++++++++++++++++++++++++++
[10:04:38 29.10.2014]
Čtu stavové informace...

++++++++++++++++++++++++++++++++++++++++++++
[10:04:38 29.10.2014]
Balík „ktouch“ není nainstalován, nelze tedy odstranit

++++++++++++++++++++++++++++++++++++++++++++
[10:04:38 29.10.2014]
0 aktualizováno, 0 nově instalováno, 0 k odstranění a 0 neaktualizováno.

++++++++++++++++++++++++++++++++++++++++++++
[10:04:38 29.10.2014]
Čtu seznamy balíků...

++++++++++++++++++++++++++++++++++++++++++++
[10:04:39 29.10.2014]
Vytváří se strom závislostí...

++++++++++++++++++++++++++++++++++++++++++++
[10:04:39 29.10.2014]
Čtu stavové informace...

++++++++++++++++++++++++++++++++++++++++++++
[10:04:39 29.10.2014]
Balík „tuxtype“ není nainstalován, nelze tedy odstranit

++++++++++++++++++++++++++++++++++++++++++++
[10:04:39 29.10.2014]
0 aktualizováno, 0 nově instalováno, 0 k odstranění a 0 neaktualizováno.

++++++++++++++++++++++++++++++++++++++++++++
[10:04:39 29.10.2014]
Čtu seznamy balíků...

++++++++++++++++++++++++++++++++++++++++++++
[10:04:39 29.10.2014]
Vytváří se strom závislostí...

++++++++++++++++++++++++++++++++++++++++++++
[10:04:39 29.10.2014]
Čtu stavové informace...

++++++++++++++++++++++++++++++++++++++++++++
[10:04:39 29.10.2014]
Balík „gpicview“ není nainstalován, nelze tedy odstranit

++++++++++++++++++++++++++++++++++++++++++++
[10:04:39 29.10.2014]
0 aktualizováno, 0 nově instalováno, 0 k odstranění a 0 neaktualizováno.

++++++++++++++++++++++++++++++++++++++++++++
[10:04:39 29.10.2014]
Čtu seznamy balíků...

++++++++++++++++++++++++++++++++++++++++++++
[10:04:39 29.10.2014]
Vytváří se strom závislostí...

++++++++++++++++++++++++++++++++++++++++++++
[10:04:39 29.10.2014]
Čtu stavové informace...

++++++++++++++++++++++++++++++++++++++++++++
[10:04:39 29.10.2014]
Balík „gimp“ není nainstalován, nelze tedy odstranit

++++++++++++++++++++++++++++++++++++++++++++
[10:04:39 29.10.2014]
0 aktualizováno, 0 nově instalováno, 0 k odstranění a 0 neaktualizováno.

++++++++++++++++++++++++++++++++++++++++++++
[10:04:39 29.10.2014]
Čtu seznamy balíků...

++++++++++++++++++++++++++++++++++++++++++++
[10:04:39 29.10.2014]
Vytváří se strom závislostí...

++++++++++++++++++++++++++++++++++++++++++++
[10:04:39 29.10.2014]
Čtu stavové informace...

++++++++++++++++++++++++++++++++++++++++++++
[10:04:40 29.10.2014]
Balík „inkscape“ není nainstalován, nelze tedy odstranit

++++++++++++++++++++++++++++++++++++++++++++
[10:04:40 29.10.2014]
0 aktualizováno, 0 nově instalováno, 0 k odstranění a 0 neaktualizováno.

++++++++++++++++++++++++++++++++++++++++++++
[10:04:40 29.10.2014]
Čtu seznamy balíků...

++++++++++++++++++++++++++++++++++++++++++++
[10:04:40 29.10.2014]
Vytváří se strom závislostí...

++++++++++++++++++++++++++++++++++++++++++++
[10:04:40 29.10.2014]
Čtu stavové informace...

++++++++++++++++++++++++++++++++++++++++++++
[10:04:40 29.10.2014]
Balík „libreoffice“ není nainstalován, nelze tedy odstranit

++++++++++++++++++++++++++++++++++++++++++++
[10:04:40 29.10.2014]
0 aktualizováno, 0 nově instalováno, 0 k odstranění a 0 neaktualizováno.

++++++++++++++++++++++++++++++++++++++++++++
[10:04:40 29.10.2014]
Čtu seznamy balíků...

++++++++++++++++++++++++++++++++++++++++++++
[10:04:40 29.10.2014]
Vytváří se strom závislostí...

++++++++++++++++++++++++++++++++++++++++++++
[10:04:40 29.10.2014]
Čtu stavové informace...

++++++++++++++++++++++++++++++++++++++++++++
[10:04:40 29.10.2014]
Balík „leafpad“ není nainstalován, nelze tedy odstranit

++++++++++++++++++++++++++++++++++++++++++++
[10:04:40 29.10.2014]
0 aktualizováno, 0 nově instalováno, 0 k odstranění a 0 neaktualizováno.

++++++++++++++++++++++++++++++++++++++++++++
[10:04:40 29.10.2014]
Čtu seznamy balíků...

++++++++++++++++++++++++++++++++++++++++++++
[10:04:40 29.10.2014]
Vytváří se strom závislostí...

++++++++++++++++++++++++++++++++++++++++++++
[10:04:40 29.10.2014]
Čtu stavové informace...

++++++++++++++++++++++++++++++++++++++++++++
[10:04:40 29.10.2014]
Balík „qelectrotech“ není nainstalován, nelze tedy odstranit

++++++++++++++++++++++++++++++++++++++++++++
[10:04:40 29.10.2014]
0 aktualizováno, 0 nově instalováno, 0 k odstranění a 0 neaktualizováno.

++++++++++++++++++++++++++++++++++++++++++++
[10:04:40 29.10.2014]
Čtu seznamy balíků...

++++++++++++++++++++++++++++++++++++++++++++
[10:04:40 29.10.2014]
Vytváří se strom závislostí...

++++++++++++++++++++++++++++++++++++++++++++
[10:04:40 29.10.2014]
Čtu stavové informace...

++++++++++++++++++++++++++++++++++++++++++++
[10:04:41 29.10.2014]
Balík „kicad“ není nainstalován, nelze tedy odstranit

++++++++++++++++++++++++++++++++++++++++++++
[10:04:41 29.10.2014]
0 aktualizováno, 0 nově instalováno, 0 k odstranění a 0 neaktualizováno.

++++++++++++++++++++++++++++++++++++++++++++
[10:04:48 29.10.2014]
/proc/mounts already there
++++++++++++++++++++++++++++++++++++++++++++
[10:04:50 29.10.2014]
Čtu seznamy balíků...

++++++++++++++++++++++++++++++++++++++++++++
[10:04:50 29.10.2014]
Vytváří se strom závislostí...

++++++++++++++++++++++++++++++++++++++++++++
[10:04:50 29.10.2014]
Čtu stavové informace...

++++++++++++++++++++++++++++++++++++++++++++
[10:04:50 29.10.2014]
Čtu seznamy balíků...

++++++++++++++++++++++++++++++++++++++++++++
[10:04:50 29.10.2014]
Vytváří se strom závislostí...

++++++++++++++++++++++++++++++++++++++++++++
[10:04:50 29.10.2014]
Čtu stavové informace...

++++++++++++++++++++++++++++++++++++++++++++
[10:04:50 29.10.2014]
0 aktualizováno, 0 nově instalováno, 0 k odstranění a 0 neaktualizováno.

++++++++++++++++++++++++++++++++++++++++++++
[10:04:50 29.10.2014]
Čtu seznamy balíků...

++++++++++++++++++++++++++++++++++++++++++++
[10:04:50 29.10.2014]
Vytváří se strom závislostí...

++++++++++++++++++++++++++++++++++++++++++++
[10:04:50 29.10.2014]
Čtu stavové informace...

++++++++++++++++++++++++++++++++++++++++++++
[10:04:50 29.10.2014]
Následující extra balíky budou instalovány:

++++++++++++++++++++++++++++++++++++++++++++
[10:04:50 29.10.2014]
  putty-tools

++++++++++++++++++++++++++++++++++++++++++++
[10:04:50 29.10.2014]
Navrhované balíky:

++++++++++++++++++++++++++++++++++++++++++++
[10:04:50 29.10.2014]
  putty-doc

++++++++++++++++++++++++++++++++++++++++++++
[10:04:50 29.10.2014]
Následující NOVÉ balíky budou nainstalovány:

++++++++++++++++++++++++++++++++++++++++++++
[10:04:50 29.10.2014]
  putty putty-tools

++++++++++++++++++++++++++++++++++++++++++++
[10:04:50 29.10.2014]
0 aktualizováno, 2 nově instalováno, 0 k odstranění a 0 neaktualizováno.

++++++++++++++++++++++++++++++++++++++++++++
[10:04:50 29.10.2014]
Potřebuji stáhnout 1 048 kB archivů.

++++++++++++++++++++++++++++++++++++++++++++
[10:04:50 29.10.2014]
Po této operaci bude na disku použito dalších 2 275 kB.

++++++++++++++++++++++++++++++++++++++++++++
[10:04:50 29.10.2014]
VAROVÁNÍ: Následující balíky nemohou být autentizovány!

++++++++++++++++++++++++++++++++++++++++++++
[10:04:50 29.10.2014]
  putty-tools putty

++++++++++++++++++++++++++++++++++++++++++++
[10:04:50 29.10.2014]
Autentizační varování potlačeno.

++++++++++++++++++++++++++++++++++++++++++++
[10:04:50 29.10.2014]
Mám:1 http://ftp.cz.debian.org/debian/ wheezy/main putty-tools i386 0.62-9+deb7u1 [704 kB]

++++++++++++++++++++++++++++++++++++++++++++
[10:04:51 29.10.2014]
Mám:2 http://ftp.cz.debian.org/debian/ wheezy/main putty i386 0.62-9+deb7u1 [344 kB]

++++++++++++++++++++++++++++++++++++++++++++
[10:04:51 29.10.2014]
Staženo 1 048 kB za 0s (2 015 kB/s)

++++++++++++++++++++++++++++++++++++++++++++
[10:04:51 29.10.2014]
Nelze zapsat log, volání openpty() selhalo (/dev/pts není připojen?)

++++++++++++++++++++++++++++++++++++++++++++
[10:04:51 29.10.2014]
Vybírám dosud nevybraný balík putty-tools.

++++++++++++++++++++++++++++++++++++++++++++
[10:04:51 29.10.2014]
(Čtu databázi … nyní je nainstalováno 45727 souborů a adresářů.)

++++++++++++++++++++++++++++++++++++++++++++
[10:04:51 29.10.2014]
Rozbaluji putty-tools (z …/putty-tools_0.62-9+deb7u1_i386.deb) …

++++++++++++++++++++++++++++++++++++++++++++
[10:04:51 29.10.2014]
Vybírám dosud nevybraný balík putty.

++++++++++++++++++++++++++++++++++++++++++++
[10:04:51 29.10.2014]
Rozbaluji putty (z …/putty_0.62-9+deb7u1_i386.deb) …

++++++++++++++++++++++++++++++++++++++++++++
[10:04:51 29.10.2014]
Zpracování spouštěčů pro balík man-db …

++++++++++++++++++++++++++++++++++++++++++++
[10:04:52 29.10.2014]
Zpracování spouštěčů pro balík desktop-file-utils …

++++++++++++++++++++++++++++++++++++++++++++
[10:04:52 29.10.2014]
Nelze zapsat log, volání openpty() selhalo (/dev/pts není připojen?)

++++++++++++++++++++++++++++++++++++++++++++
[10:04:52 29.10.2014]
Nastavuji balík putty-tools (0.62-9+deb7u1) …

++++++++++++++++++++++++++++++++++++++++++++
[10:04:52 29.10.2014]
Nastavuji balík putty (0.62-9+deb7u1) …

++++++++++++++++++++++++++++++++++++++++++++
[10:04:52 29.10.2014]
Čtu seznamy balíků...

++++++++++++++++++++++++++++++++++++++++++++
[10:04:52 29.10.2014]
Vytváří se strom závislostí...

++++++++++++++++++++++++++++++++++++++++++++
[10:04:52 29.10.2014]
Čtu stavové informace...

++++++++++++++++++++++++++++++++++++++++++++
[10:04:52 29.10.2014]
Čtu seznamy balíků...

++++++++++++++++++++++++++++++++++++++++++++
[10:04:52 29.10.2014]
Vytváří se strom závislostí...

++++++++++++++++++++++++++++++++++++++++++++
[10:04:52 29.10.2014]
Čtu stavové informace...

++++++++++++++++++++++++++++++++++++++++++++
[10:04:53 29.10.2014]
0 aktualizováno, 0 nově instalováno, 0 k odstranění a 0 neaktualizováno.

++++++++++++++++++++++++++++++++++++++++++++
[10:04:53 29.10.2014]
Čtu seznamy balíků...

++++++++++++++++++++++++++++++++++++++++++++
[10:04:53 29.10.2014]
Vytváří se strom závislostí...

++++++++++++++++++++++++++++++++++++++++++++
[10:04:53 29.10.2014]
Čtu stavové informace...

++++++++++++++++++++++++++++++++++++++++++++
[10:04:53 29.10.2014]
Balík „anki“ není nainstalován, nelze tedy odstranit

++++++++++++++++++++++++++++++++++++++++++++
[10:04:53 29.10.2014]
0 aktualizováno, 0 nově instalováno, 0 k odstranění a 0 neaktualizováno.

++++++++++++++++++++++++++++++++++++++++++++
[10:04:53 29.10.2014]
Čtu seznamy balíků...

++++++++++++++++++++++++++++++++++++++++++++
[10:04:53 29.10.2014]
Vytváří se strom závislostí...

++++++++++++++++++++++++++++++++++++++++++++
[10:04:53 29.10.2014]
Čtu stavové informace...

++++++++++++++++++++++++++++++++++++++++++++
[10:04:53 29.10.2014]
Balík „mnemosyne“ není nainstalován, nelze tedy odstranit

++++++++++++++++++++++++++++++++++++++++++++
[10:04:53 29.10.2014]
0 aktualizováno, 0 nově instalováno, 0 k odstranění a 0 neaktualizováno.

++++++++++++++++++++++++++++++++++++++++++++
[10:04:53 29.10.2014]
Čtu seznamy balíků...

++++++++++++++++++++++++++++++++++++++++++++
[10:04:53 29.10.2014]
Vytváří se strom závislostí...

++++++++++++++++++++++++++++++++++++++++++++
[10:04:53 29.10.2014]
Čtu stavové informace...

++++++++++++++++++++++++++++++++++++++++++++
[10:04:53 29.10.2014]
Balík „geogebra“ není nainstalován, nelze tedy odstranit

++++++++++++++++++++++++++++++++++++++++++++
[10:04:53 29.10.2014]
0 aktualizováno, 0 nově instalováno, 0 k odstranění a 0 neaktualizováno.

++++++++++++++++++++++++++++++++++++++++++++
[10:04:53 29.10.2014]
Čtu seznamy balíků...

++++++++++++++++++++++++++++++++++++++++++++
[10:04:53 29.10.2014]
Vytváří se strom závislostí...

++++++++++++++++++++++++++++++++++++++++++++
[10:04:53 29.10.2014]
Čtu stavové informace...

++++++++++++++++++++++++++++++++++++++++++++
[10:04:54 29.10.2014]
Balík „wxmaxima“ není nainstalován, nelze tedy odstranit

++++++++++++++++++++++++++++++++++++++++++++
[10:04:54 29.10.2014]
0 aktualizováno, 0 nově instalováno, 0 k odstranění a 0 neaktualizováno.

++++++++++++++++++++++++++++++++++++++++++++
[10:04:54 29.10.2014]
Čtu seznamy balíků...

++++++++++++++++++++++++++++++++++++++++++++
[10:04:54 29.10.2014]
Vytváří se strom závislostí...

++++++++++++++++++++++++++++++++++++++++++++
[10:04:54 29.10.2014]
Čtu stavové informace...

++++++++++++++++++++++++++++++++++++++++++++
[10:04:54 29.10.2014]
Balík „kalgebra“ není nainstalován, nelze tedy odstranit

++++++++++++++++++++++++++++++++++++++++++++
[10:04:54 29.10.2014]
0 aktualizováno, 0 nově instalováno, 0 k odstranění a 0 neaktualizováno.

++++++++++++++++++++++++++++++++++++++++++++
[10:04:54 29.10.2014]
Čtu seznamy balíků...

++++++++++++++++++++++++++++++++++++++++++++
[10:04:54 29.10.2014]
Vytváří se strom závislostí...

++++++++++++++++++++++++++++++++++++++++++++
[10:04:54 29.10.2014]
Čtu stavové informace...

++++++++++++++++++++++++++++++++++++++++++++
[10:04:54 29.10.2014]
Balík „qtoctave“ není nainstalován, nelze tedy odstranit

++++++++++++++++++++++++++++++++++++++++++++
[10:04:54 29.10.2014]
0 aktualizováno, 0 nově instalováno, 0 k odstranění a 0 neaktualizováno.

++++++++++++++++++++++++++++++++++++++++++++
[10:04:54 29.10.2014]
Čtu seznamy balíků...

++++++++++++++++++++++++++++++++++++++++++++
[10:04:54 29.10.2014]
Vytváří se strom závislostí...

++++++++++++++++++++++++++++++++++++++++++++
[10:04:54 29.10.2014]
Čtu stavové informace...

++++++++++++++++++++++++++++++++++++++++++++
[10:04:54 29.10.2014]
Balík „klavaro“ není nainstalován, nelze tedy odstranit

++++++++++++++++++++++++++++++++++++++++++++
[10:04:54 29.10.2014]
0 aktualizováno, 0 nově instalováno, 0 k odstranění a 0 neaktualizováno.

++++++++++++++++++++++++++++++++++++++++++++
[10:04:54 29.10.2014]
Čtu seznamy balíků...

++++++++++++++++++++++++++++++++++++++++++++
[10:04:54 29.10.2014]
Vytváří se strom závislostí...

++++++++++++++++++++++++++++++++++++++++++++
[10:04:54 29.10.2014]
Čtu stavové informace...

++++++++++++++++++++++++++++++++++++++++++++
[10:04:55 29.10.2014]
Balík „ktouch“ není nainstalován, nelze tedy odstranit

++++++++++++++++++++++++++++++++++++++++++++
[10:04:55 29.10.2014]
0 aktualizováno, 0 nově instalováno, 0 k odstranění a 0 neaktualizováno.

++++++++++++++++++++++++++++++++++++++++++++
[10:04:55 29.10.2014]
Čtu seznamy balíků...

++++++++++++++++++++++++++++++++++++++++++++
[10:04:55 29.10.2014]
Vytváří se strom závislostí...

++++++++++++++++++++++++++++++++++++++++++++
[10:04:55 29.10.2014]
Čtu stavové informace...

++++++++++++++++++++++++++++++++++++++++++++
[10:04:55 29.10.2014]
Balík „tuxtype“ není nainstalován, nelze tedy odstranit

++++++++++++++++++++++++++++++++++++++++++++
[10:04:55 29.10.2014]
0 aktualizováno, 0 nově instalováno, 0 k odstranění a 0 neaktualizováno.

++++++++++++++++++++++++++++++++++++++++++++
[10:04:55 29.10.2014]
Čtu seznamy balíků...

++++++++++++++++++++++++++++++++++++++++++++
[10:04:55 29.10.2014]
Vytváří se strom závislostí...

++++++++++++++++++++++++++++++++++++++++++++
[10:04:55 29.10.2014]
Čtu stavové informace...

++++++++++++++++++++++++++++++++++++++++++++
[10:04:55 29.10.2014]
Balík „gpicview“ není nainstalován, nelze tedy odstranit

++++++++++++++++++++++++++++++++++++++++++++
[10:04:55 29.10.2014]
0 aktualizováno, 0 nově instalováno, 0 k odstranění a 0 neaktualizováno.

++++++++++++++++++++++++++++++++++++++++++++
[10:04:55 29.10.2014]
Čtu seznamy balíků...

++++++++++++++++++++++++++++++++++++++++++++
[10:04:55 29.10.2014]
Vytváří se strom závislostí...

++++++++++++++++++++++++++++++++++++++++++++
[10:04:55 29.10.2014]
Čtu stavové informace...

++++++++++++++++++++++++++++++++++++++++++++
[10:04:55 29.10.2014]
Balík „gimp“ není nainstalován, nelze tedy odstranit

++++++++++++++++++++++++++++++++++++++++++++
[10:04:55 29.10.2014]
0 aktualizováno, 0 nově instalováno, 0 k odstranění a 0 neaktualizováno.

++++++++++++++++++++++++++++++++++++++++++++
[10:04:55 29.10.2014]
Čtu seznamy balíků...

++++++++++++++++++++++++++++++++++++++++++++
[10:04:56 29.10.2014]
Vytváří se strom závislostí...

++++++++++++++++++++++++++++++++++++++++++++
[10:04:56 29.10.2014]
Čtu stavové informace...

++++++++++++++++++++++++++++++++++++++++++++
[10:04:56 29.10.2014]
Balík „inkscape“ není nainstalován, nelze tedy odstranit

++++++++++++++++++++++++++++++++++++++++++++
[10:04:56 29.10.2014]
0 aktualizováno, 0 nově instalováno, 0 k odstranění a 0 neaktualizováno.

++++++++++++++++++++++++++++++++++++++++++++
[10:04:56 29.10.2014]
Čtu seznamy balíků...

++++++++++++++++++++++++++++++++++++++++++++
[10:04:56 29.10.2014]
Vytváří se strom závislostí...

++++++++++++++++++++++++++++++++++++++++++++
[10:04:56 29.10.2014]
Čtu stavové informace...

++++++++++++++++++++++++++++++++++++++++++++
[10:04:56 29.10.2014]
Balík „libreoffice“ není nainstalován, nelze tedy odstranit

++++++++++++++++++++++++++++++++++++++++++++
[10:04:56 29.10.2014]
0 aktualizováno, 0 nově instalováno, 0 k odstranění a 0 neaktualizováno.

++++++++++++++++++++++++++++++++++++++++++++
[10:04:56 29.10.2014]
Čtu seznamy balíků...

++++++++++++++++++++++++++++++++++++++++++++
[10:04:56 29.10.2014]
Vytváří se strom závislostí...

++++++++++++++++++++++++++++++++++++++++++++
[10:04:56 29.10.2014]
Čtu stavové informace...

++++++++++++++++++++++++++++++++++++++++++++
[10:04:56 29.10.2014]
Balík „leafpad“ není nainstalován, nelze tedy odstranit

++++++++++++++++++++++++++++++++++++++++++++
[10:04:56 29.10.2014]
0 aktualizováno, 0 nově instalováno, 0 k odstranění a 0 neaktualizováno.

++++++++++++++++++++++++++++++++++++++++++++
[10:04:56 29.10.2014]
Čtu seznamy balíků...

++++++++++++++++++++++++++++++++++++++++++++
[10:04:56 29.10.2014]
Vytváří se strom závislostí...

++++++++++++++++++++++++++++++++++++++++++++
[10:04:56 29.10.2014]
Čtu stavové informace...

++++++++++++++++++++++++++++++++++++++++++++
[10:04:56 29.10.2014]
Balík „qelectrotech“ není nainstalován, nelze tedy odstranit

++++++++++++++++++++++++++++++++++++++++++++
[10:04:56 29.10.2014]
0 aktualizováno, 0 nově instalováno, 0 k odstranění a 0 neaktualizováno.

++++++++++++++++++++++++++++++++++++++++++++
[10:04:56 29.10.2014]
Čtu seznamy balíků...

++++++++++++++++++++++++++++++++++++++++++++
[10:04:57 29.10.2014]
Vytváří se strom závislostí...

++++++++++++++++++++++++++++++++++++++++++++
[10:04:57 29.10.2014]
Čtu stavové informace...

++++++++++++++++++++++++++++++++++++++++++++
[10:04:57 29.10.2014]
Balík „kicad“ není nainstalován, nelze tedy odstranit

++++++++++++++++++++++++++++++++++++++++++++
[10:04:57 29.10.2014]
0 aktualizováno, 0 nově instalováno, 0 k odstranění a 0 neaktualizováno.

++++++++++++++++++++++++++++++++++++++++++++
